# JRE version: OpenJDK Runtime Environment Temurin-17.0.6+10 (17.0.6+10) (build 17.0.6+10)
# Java VM: OpenJDK 64-Bit Server VM Temurin-17.0.6+10 (17.0.6+10, mixed mode, tiered, compressed oops, compressed class ptrs, parallel gc, windows-amd64)
GC Precious Log:
 CPUs: 4 total, 4 available
 Memory: 16336M
 Large Page Support: Disabled
 NUMA Support: Disabled
 Compressed Oops: Enabled (32-bit)
 Alignments: Space 512K, Generation 512K, Heap 2M
 Heap Min Capacity: 100M
 Heap Initial Capacity: 100M
 Heap Max Capacity: 1G
 Pre-touch: Disabled
 Parallel Workers: 4
Heap:
 PSYoungGen      total 2048K, used 1087K [0x00000000eab00000, 0x00000000eae80000, 0x0000000100000000)
  eden space 1536K, 62% used [0x00000000eab00000,0x00000000eabeffc8,0x00000000eac80000)
  from space 512K, 25% used [0x00000000eae00000,0x00000000eae20000,0x00000000eae80000)
  to   space 512K, 0% used [0x00000000ead80000,0x00000000ead80000,0x00000000eae00000)
 ParOldGen       total 84992K, used 64125K [0x00000000c0000000, 0x00000000c5300000, 0x00000000eab00000)
  object space 84992K, 75% used [0x00000000c0000000,0x00000000c3e9f7e0,0x00000000c5300000)
 Metaspace       used 70379K, committed 71424K, reserved 1114112K
  class space    used 7149K, committed 7616K, reserved 1048576K
GC Heap History (20 events):
Event: 119.829 GC heap before
{Heap before GC invocations=533 (full 15):
 PSYoungGen      total 2048K, used 2041K [0x00000000eab00000, 0x00000000eaf80000, 0x0000000100000000)
  eden space 1536K, 100% used [0x00000000eab00000,0x00000000eac80000,0x00000000eac80000)
  from space 512K, 98% used [0x00000000ead80000,0x00000000eadfe6f0,0x00000000eae00000)
  to   space 1536K, 0% used [0x00000000eae00000,0x00000000eae00000,0x00000000eaf80000)
 ParOldGen       total 87040K, used 84724K [0x00000000c0000000, 0x00000000c5500000, 0x00000000eab00000)
  object space 87040K, 97% used [0x00000000c0000000,0x00000000c52bd1e8,0x00000000c5500000)
 Metaspace       used 70217K, committed 71360K, reserved 1114112K
  class space    used 7132K, committed 7616K, reserved 1048576K
}
Event: 119.831 GC heap after
{Heap after GC invocations=533 (full 15):
 PSYoungGen      total 2560K, used 1536K [0x00000000eab00000, 0x00000000eb080000, 0x0000000100000000)
  eden space 1024K, 0% used [0x00000000eab00000,0x00000000eab00000,0x00000000eac00000)
  from space 1536K, 100% used [0x00000000eae00000,0x00000000eaf80000,0x00000000eaf80000)
  to   space 2048K, 0% used [0x00000000eac00000,0x00000000eac00000,0x00000000eae00000)
 ParOldGen       total 87040K, used 85252K [0x00000000c0000000, 0x00000000c5500000, 0x00000000eab00000)
  object space 87040K, 97% used [0x00000000c0000000,0x00000000c5341318,0x00000000c5500000)
 Metaspace       used 70217K, committed 71360K, reserved 1114112K
  class space    used 7132K, committed 7616K, reserved 1048576K
}
Event: 119.833 GC heap before
{Heap before GC invocations=534 (full 15):
 PSYoungGen      total 2560K, used 2560K [0x00000000eab00000, 0x00000000eb080000, 0x0000000100000000)
  eden space 1024K, 100% used [0x00000000eab00000,0x00000000eac00000,0x00000000eac00000)
  from space 1536K, 100% used [0x00000000eae00000,0x00000000eaf80000,0x00000000eaf80000)
  to   space 2048K, 0% used [0x00000000eac00000,0x00000000eac00000,0x00000000eae00000)
 ParOldGen       total 87040K, used 85252K [0x00000000c0000000, 0x00000000c5500000, 0x00000000eab00000)
  object space 87040K, 97% used [0x00000000c0000000,0x00000000c5341318,0x00000000c5500000)
 Metaspace       used 70217K, committed 71360K, reserved 1114112K
  class space    used 7132K, committed 7616K, reserved 1048576K
}
Event: 119.835 GC heap after
{Heap after GC invocations=534 (full 15):
 PSYoungGen      total 3072K, used 1056K [0x00000000eab00000, 0x00000000eaf80000, 0x0000000100000000)
  eden space 1024K, 0% used [0x00000000eab00000,0x00000000eab00000,0x00000000eac00000)
  from space 2048K, 51% used [0x00000000eac00000,0x00000000ead08000,0x00000000eae00000)
  to   space 1536K, 0% used [0x00000000eae00000,0x00000000eae00000,0x00000000eaf80000)
 ParOldGen       total 87040K, used 86748K [0x00000000c0000000, 0x00000000c5500000, 0x00000000eab00000)
  object space 87040K, 99% used [0x00000000c0000000,0x00000000c54b7318,0x00000000c5500000)
 Metaspace       used 70217K, committed 71360K, reserved 1114112K
  class space    used 7132K, committed 7616K, reserved 1048576K
}
Event: 119.835 GC heap before
{Heap before GC invocations=535 (full 16):
 PSYoungGen      total 3072K, used 1056K [0x00000000eab00000, 0x00000000eaf80000, 0x0000000100000000)
  eden space 1024K, 0% used [0x00000000eab00000,0x00000000eab00000,0x00000000eac00000)
  from space 2048K, 51% used [0x00000000eac00000,0x00000000ead08000,0x00000000eae00000)
  to   space 1536K, 0% used [0x00000000eae00000,0x00000000eae00000,0x00000000eaf80000)
 ParOldGen       total 87040K, used 86748K [0x00000000c0000000, 0x00000000c5500000, 0x00000000eab00000)
  object space 87040K, 99% used [0x00000000c0000000,0x00000000c54b7318,0x00000000c5500000)
 Metaspace       used 70217K, committed 71360K, reserved 1114112K
  class space    used 7132K, committed 7616K, reserved 1048576K
}
Event: 119.886 GC heap after
{Heap after GC invocations=535 (full 16):
 PSYoungGen      total 3072K, used 0K [0x00000000eab00000, 0x00000000eaf80000, 0x0000000100000000)
  eden space 1536K, 0% used [0x00000000eab00000,0x00000000eab00000,0x00000000eac80000)
  from space 1536K, 0% used [0x00000000eae00000,0x00000000eae00000,0x00000000eaf80000)
  to   space 1536K, 0% used [0x00000000eac80000,0x00000000eac80000,0x00000000eae00000)
 ParOldGen       total 84992K, used 61547K [0x00000000c0000000, 0x00000000c5300000, 0x00000000eab00000)
  object space 84992K, 72% used [0x00000000c0000000,0x00000000c3c1ac30,0x00000000c5300000)
 Metaspace       used 70217K, committed 71360K, reserved 1114112K
  class space    used 7132K, committed 7616K, reserved 1048576K
}
Event: 119.889 GC heap before
{Heap before GC invocations=536 (full 16):
 PSYoungGen      total 3072K, used 1536K [0x00000000eab00000, 0x00000000eaf80000, 0x0000000100000000)
  eden space 1536K, 100% used [0x00000000eab00000,0x00000000eac80000,0x00000000eac80000)
  from space 1536K, 0% used [0x00000000eae00000,0x00000000eae00000,0x00000000eaf80000)
  to   space 1536K, 0% used [0x00000000eac80000,0x00000000eac80000,0x00000000eae00000)
 ParOldGen       total 84992K, used 61547K [0x00000000c0000000, 0x00000000c5300000, 0x00000000eab00000)
  object space 84992K, 72% used [0x00000000c0000000,0x00000000c3c1ac30,0x00000000c5300000)
 Metaspace       used 70217K, committed 71360K, reserved 1114112K
  class space    used 7132K, committed 7616K, reserved 1048576K
}
Event: 119.890 GC heap after
{Heap after GC invocations=536 (full 16):
 PSYoungGen      total 3072K, used 1024K [0x00000000eab00000, 0x00000000eaf80000, 0x0000000100000000)
  eden space 1536K, 0% used [0x00000000eab00000,0x00000000eab00000,0x00000000eac80000)
  from space 1536K, 66% used [0x00000000eac80000,0x00000000ead80000,0x00000000eae00000)
  to   space 1536K, 0% used [0x00000000eae00000,0x00000000eae00000,0x00000000eaf80000)
 ParOldGen       total 84992K, used 61547K [0x00000000c0000000, 0x00000000c5300000, 0x00000000eab00000)
  object space 84992K, 72% used [0x00000000c0000000,0x00000000c3c1ac30,0x00000000c5300000)
 Metaspace       used 70217K, committed 71360K, reserved 1114112K
  class space    used 7132K, committed 7616K, reserved 1048576K
}
Event: 119.894 GC heap before
{Heap before GC invocations=537 (full 16):
 PSYoungGen      total 3072K, used 2502K [0x00000000eab00000, 0x00000000eaf80000, 0x0000000100000000)
  eden space 1536K, 96% used [0x00000000eab00000,0x00000000eac71af8,0x00000000eac80000)
  from space 1536K, 66% used [0x00000000eac80000,0x00000000ead80000,0x00000000eae00000)
  to   space 1536K, 0% used [0x00000000eae00000,0x00000000eae00000,0x00000000eaf80000)
 ParOldGen       total 84992K, used 61547K [0x00000000c0000000, 0x00000000c5300000, 0x00000000eab00000)
  object space 84992K, 72% used [0x00000000c0000000,0x00000000c3c1ac30,0x00000000c5300000)
 Metaspace       used 70217K, committed 71360K, reserved 1114112K
  class space    used 7132K, committed 7616K, reserved 1048576K
}
Event: 119.895 GC heap after
{Heap after GC invocations=537 (full 16):
 PSYoungGen      total 2048K, used 452K [0x00000000eab00000, 0x00000000eae80000, 0x0000000100000000)
  eden space 1536K, 0% used [0x00000000eab00000,0x00000000eab00000,0x00000000eac80000)
  from space 512K, 88% used [0x00000000eae00000,0x00000000eae71010,0x00000000eae80000)
  to   space 1024K, 0% used [0x00000000eac80000,0x00000000eac80000,0x00000000ead80000)
 ParOldGen       total 84992K, used 62520K [0x00000000c0000000, 0x00000000c5300000, 0x00000000eab00000)
  object space 84992K, 73% used [0x00000000c0000000,0x00000000c3d0e040,0x00000000c5300000)
 Metaspace       used 70217K, committed 71360K, reserved 1114112K
  class space    used 7132K, committed 7616K, reserved 1048576K
}
Event: 119.897 GC heap before
{Heap before GC invocations=538 (full 16):
 PSYoungGen      total 2048K, used 1838K [0x00000000eab00000, 0x00000000eae80000, 0x0000000100000000)
  eden space 1536K, 90% used [0x00000000eab00000,0x00000000eac5a908,0x00000000eac80000)
  from space 512K, 88% used [0x00000000eae00000,0x00000000eae71010,0x00000000eae80000)
  to   space 1024K, 0% used [0x00000000eac80000,0x00000000eac80000,0x00000000ead80000)
 ParOldGen       total 84992K, used 62520K [0x00000000c0000000, 0x00000000c5300000, 0x00000000eab00000)
  object space 84992K, 73% used [0x00000000c0000000,0x00000000c3d0e040,0x00000000c5300000)
 Metaspace       used 70217K, committed 71360K, reserved 1114112K
  class space    used 7132K, committed 7616K, reserved 1048576K
}
Event: 119.897 GC heap after
{Heap after GC invocations=538 (full 16):
 PSYoungGen      total 2560K, used 464K [0x00000000eab00000, 0x00000000eae80000, 0x0000000100000000)
  eden space 1536K, 0% used [0x00000000eab00000,0x00000000eab00000,0x00000000eac80000)
  from space 1024K, 45% used [0x00000000eac80000,0x00000000eacf4148,0x00000000ead80000)
  to   space 512K, 0% used [0x00000000eae00000,0x00000000eae00000,0x00000000eae80000)
 ParOldGen       total 84992K, used 62933K [0x00000000c0000000, 0x00000000c5300000, 0x00000000eab00000)
  object space 84992K, 74% used [0x00000000c0000000,0x00000000c3d75440,0x00000000c5300000)
 Metaspace       used 70217K, committed 71360K, reserved 1114112K
  class space    used 7132K, committed 7616K, reserved 1048576K
}
Event: 120.059 GC heap before
{Heap before GC invocations=539 (full 16):
 PSYoungGen      total 2560K, used 2000K [0x00000000eab00000, 0x00000000eae80000, 0x0000000100000000)
  eden space 1536K, 99% used [0x00000000eab00000,0x00000000eac7ff98,0x00000000eac80000)
  from space 1024K, 45% used [0x00000000eac80000,0x00000000eacf4148,0x00000000ead80000)
  to   space 512K, 0% used [0x00000000eae00000,0x00000000eae00000,0x00000000eae80000)
 ParOldGen       total 84992K, used 62933K [0x00000000c0000000, 0x00000000c5300000, 0x00000000eab00000)
  object space 84992K, 74% used [0x00000000c0000000,0x00000000c3d75440,0x00000000c5300000)
 Metaspace       used 70249K, committed 71360K, reserved 1114112K
  class space    used 7132K, committed 7616K, reserved 1048576K
}
Event: 120.060 GC heap after
{Heap after GC invocations=539 (full 16):
 PSYoungGen      total 2048K, used 96K [0x00000000eab00000, 0x00000000eae80000, 0x0000000100000000)
  eden space 1536K, 0% used [0x00000000eab00000,0x00000000eab00000,0x00000000eac80000)
  from space 512K, 18% used [0x00000000eae00000,0x00000000eae18000,0x00000000eae80000)
  to   space 512K, 0% used [0x00000000ead80000,0x00000000ead80000,0x00000000eae00000)
 ParOldGen       total 84992K, used 62957K [0x00000000c0000000, 0x00000000c5300000, 0x00000000eab00000)
  object space 84992K, 74% used [0x00000000c0000000,0x00000000c3d7b440,0x00000000c5300000)
 Metaspace       used 70249K, committed 71360K, reserved 1114112K
  class space    used 7132K, committed 7616K, reserved 1048576K
}
Event: 120.153 GC heap before
{Heap before GC invocations=540 (full 16):
 PSYoungGen      total 2048K, used 1632K [0x00000000eab00000, 0x00000000eae80000, 0x0000000100000000)
  eden space 1536K, 100% used [0x00000000eab00000,0x00000000eac80000,0x00000000eac80000)
  from space 512K, 18% used [0x00000000eae00000,0x00000000eae18000,0x00000000eae80000)
  to   space 512K, 0% used [0x00000000ead80000,0x00000000ead80000,0x00000000eae00000)
 ParOldGen       total 84992K, used 62957K [0x00000000c0000000, 0x00000000c5300000, 0x00000000eab00000)
  object space 84992K, 74% used [0x00000000c0000000,0x00000000c3d7b440,0x00000000c5300000)
 Metaspace       used 70255K, committed 71360K, reserved 1114112K
  class space    used 7132K, committed 7616K, reserved 1048576K
}
Event: 120.153 GC heap after
{Heap after GC invocations=540 (full 16):
 PSYoungGen      total 2048K, used 480K [0x00000000eab00000, 0x00000000eae80000, 0x0000000100000000)
  eden space 1536K, 0% used [0x00000000eab00000,0x00000000eab00000,0x00000000eac80000)
  from space 512K, 93% used [0x00000000ead80000,0x00000000eadf8000,0x00000000eae00000)
  to   space 512K, 0% used [0x00000000eae00000,0x00000000eae00000,0x00000000eae80000)
 ParOldGen       total 84992K, used 63005K [0x00000000c0000000, 0x00000000c5300000, 0x00000000eab00000)
  object space 84992K, 74% used [0x00000000c0000000,0x00000000c3d87440,0x00000000c5300000)
 Metaspace       used 70255K, committed 71360K, reserved 1114112K
  class space    used 7132K, committed 7616K, reserved 1048576K
}
Event: 120.224 GC heap before
{Heap before GC invocations=541 (full 16):
 PSYoungGen      total 2048K, used 2015K [0x00000000eab00000, 0x00000000eae80000, 0x0000000100000000)
  eden space 1536K, 99% used [0x00000000eab00000,0x00000000eac7ffd8,0x00000000eac80000)
  from space 512K, 93% used [0x00000000ead80000,0x00000000eadf8000,0x00000000eae00000)
  to   space 512K, 0% used [0x00000000eae00000,0x00000000eae00000,0x00000000eae80000)
 ParOldGen       total 84992K, used 63005K [0x00000000c0000000, 0x00000000c5300000, 0x00000000eab00000)
  object space 84992K, 74% used [0x00000000c0000000,0x00000000c3d87440,0x00000000c5300000)
 Metaspace       used 70281K, committed 71360K, reserved 1114112K
  class space    used 7132K, committed 7616K, reserved 1048576K
}
Event: 120.225 GC heap after
{Heap after GC invocations=541 (full 16):
 PSYoungGen      total 2048K, used 496K [0x00000000eab00000, 0x00000000eaf80000, 0x0000000100000000)
  eden space 1536K, 0% used [0x00000000eab00000,0x00000000eab00000,0x00000000eac80000)
  from space 512K, 96% used [0x00000000eae00000,0x00000000eae7c010,0x00000000eae80000)
  to   space 1536K, 0% used [0x00000000eac80000,0x00000000eac80000,0x00000000eae00000)
 ParOldGen       total 84992K, used 63450K [0x00000000c0000000, 0x00000000c5300000, 0x00000000eab00000)
  object space 84992K, 74% used [0x00000000c0000000,0x00000000c3df68e0,0x00000000c5300000)
 Metaspace       used 70281K, committed 71360K, reserved 1114112K
  class space    used 7132K, committed 7616K, reserved 1048576K
}
Event: 120.295 GC heap before
{Heap before GC invocations=542 (full 16):
 PSYoungGen      total 2048K, used 2032K [0x00000000eab00000, 0x00000000eaf80000, 0x0000000100000000)
  eden space 1536K, 100% used [0x00000000eab00000,0x00000000eac80000,0x00000000eac80000)
  from space 512K, 96% used [0x00000000eae00000,0x00000000eae7c010,0x00000000eae80000)
  to   space 1536K, 0% used [0x00000000eac80000,0x00000000eac80000,0x00000000eae00000)
 ParOldGen       total 84992K, used 63450K [0x00000000c0000000, 0x00000000c5300000, 0x00000000eab00000)
  object space 84992K, 74% used [0x00000000c0000000,0x00000000c3df68e0,0x00000000c5300000)
 Metaspace       used 70285K, committed 71360K, reserved 1114112K
  class space    used 7132K, committed 7616K, reserved 1048576K
}
Event: 120.296 GC heap after
{Heap after GC invocations=542 (full 16):
 PSYoungGen      total 3072K, used 256K [0x00000000eab00000, 0x00000000eae80000, 0x0000000100000000)
  eden space 1536K, 0% used [0x00000000eab00000,0x00000000eab00000,0x00000000eac80000)
  from space 1536K, 16% used [0x00000000eac80000,0x00000000eacc0000,0x00000000eae00000)
  to   space 512K, 0% used [0x00000000eae00000,0x00000000eae00000,0x00000000eae80000)
 ParOldGen       total 84992K, used 63909K [0x00000000c0000000, 0x00000000c5300000, 0x00000000eab00000)
  object space 84992K, 75% used [0x00000000c0000000,0x00000000c3e697e0,0x00000000c5300000)
 Metaspace       used 70285K, committed 71360K, reserved 1114112K
  class space    used 7132K, committed 7616K, reserved 1048576K
}

