# JRE version: OpenJDK Runtime Environment Temurin-17.0.6+10 (17.0.6+10) (build 17.0.6+10)
# Java VM: OpenJDK 64-Bit Server VM Temurin-17.0.6+10 (17.0.6+10, mixed mode, tiered, compressed oops, compressed class ptrs, parallel gc, windows-amd64)
GC Precious Log:
 CPUs: 4 total, 4 available
 Memory: 16336M
 Large Page Support: Disabled
 NUMA Support: Disabled
 Compressed Oops: Enabled (32-bit)
 Alignments: Space 512K, Generation 512K, Heap 2M
 Heap Min Capacity: 100M
 Heap Initial Capacity: 100M
 Heap Max Capacity: 1G
 Pre-touch: Disabled
 Parallel Workers: 4
Heap:
 PSYoungGen      total 11264K, used 3565K [0x00000000eab00000, 0x00000000ec480000, 0x0000000100000000)
  eden space 7680K, 0% used [0x00000000eab00000,0x00000000eab00000,0x00000000eb280000)
  from space 3584K, 99% used [0x00000000eb580000,0x00000000eb8fb400,0x00000000eb900000)
  to   space 9216K, 0% used [0x00000000ebb80000,0x00000000ebb80000,0x00000000ec480000)
 ParOldGen       total 129024K, used 128049K [0x00000000c0000000, 0x00000000c7e00000, 0x00000000eab00000)
  object space 129024K, 99% used [0x00000000c0000000,0x00000000c7d0c5d8,0x00000000c7e00000)
 Metaspace       used 82494K, committed 83648K, reserved 1130496K
  class space    used 8174K, committed 8640K, reserved 1048576K
GC Heap History (20 events):
Event: 852.367 GC heap after
{Heap after GC invocations=3415 (full 66):
 PSYoungGen      total 7680K, used 3136K [0x00000000eab00000, 0x00000000eb700000, 0x0000000100000000)
  eden space 4096K, 0% used [0x00000000eab00000,0x00000000eab00000,0x00000000eaf00000)
  from space 3584K, 87% used [0x00000000eb380000,0x00000000eb690000,0x00000000eb700000)
  to   space 3584K, 0% used [0x00000000eb000000,0x00000000eb000000,0x00000000eb380000)
 ParOldGen       total 129024K, used 105984K [0x00000000c0000000, 0x00000000c7e00000, 0x00000000eab00000)
  object space 129024K, 82% used [0x00000000c0000000,0x00000000c67803a0,0x00000000c7e00000)
 Metaspace       used 82489K, committed 83584K, reserved 1130496K
  class space    used 8174K, committed 8640K, reserved 1048576K
}
Event: 852.378 GC heap before
{Heap before GC invocations=3416 (full 66):
 PSYoungGen      total 7680K, used 7232K [0x00000000eab00000, 0x00000000eb700000, 0x0000000100000000)
  eden space 4096K, 100% used [0x00000000eab00000,0x00000000eaf00000,0x00000000eaf00000)
  from space 3584K, 87% used [0x00000000eb380000,0x00000000eb690000,0x00000000eb700000)
  to   space 3584K, 0% used [0x00000000eb000000,0x00000000eb000000,0x00000000eb380000)
 ParOldGen       total 129024K, used 105984K [0x00000000c0000000, 0x00000000c7e00000, 0x00000000eab00000)
  object space 129024K, 82% used [0x00000000c0000000,0x00000000c67803a0,0x00000000c7e00000)
 Metaspace       used 82489K, committed 83584K, reserved 1130496K
  class space    used 8174K, committed 8640K, reserved 1048576K
}
Event: 852.381 GC heap after
{Heap after GC invocations=3416 (full 66):
 PSYoungGen      total 7680K, used 2464K [0x00000000eab00000, 0x00000000eb600000, 0x0000000100000000)
  eden space 5120K, 0% used [0x00000000eab00000,0x00000000eab00000,0x00000000eb000000)
  from space 2560K, 96% used [0x00000000eb000000,0x00000000eb268000,0x00000000eb280000)
  to   space 3072K, 0% used [0x00000000eb300000,0x00000000eb300000,0x00000000eb600000)
 ParOldGen       total 129024K, used 109064K [0x00000000c0000000, 0x00000000c7e00000, 0x00000000eab00000)
  object space 129024K, 84% used [0x00000000c0000000,0x00000000c6a823a0,0x00000000c7e00000)
 Metaspace       used 82489K, committed 83584K, reserved 1130496K
  class space    used 8174K, committed 8640K, reserved 1048576K
}
Event: 852.408 GC heap before
{Heap before GC invocations=3417 (full 66):
 PSYoungGen      total 7680K, used 7584K [0x00000000eab00000, 0x00000000eb600000, 0x0000000100000000)
  eden space 5120K, 100% used [0x00000000eab00000,0x00000000eb000000,0x00000000eb000000)
  from space 2560K, 96% used [0x00000000eb000000,0x00000000eb268000,0x00000000eb280000)
  to   space 3072K, 0% used [0x00000000eb300000,0x00000000eb300000,0x00000000eb600000)
 ParOldGen       total 129024K, used 109064K [0x00000000c0000000, 0x00000000c7e00000, 0x00000000eab00000)
  object space 129024K, 84% used [0x00000000c0000000,0x00000000c6a823a0,0x00000000c7e00000)
 Metaspace       used 82489K, committed 83584K, reserved 1130496K
  class space    used 8174K, committed 8640K, reserved 1048576K
}
Event: 852.410 GC heap after
{Heap after GC invocations=3417 (full 66):
 PSYoungGen      total 8192K, used 1216K [0x00000000eab00000, 0x00000000eb500000, 0x0000000100000000)
  eden space 6144K, 0% used [0x00000000eab00000,0x00000000eab00000,0x00000000eb100000)
  from space 2048K, 59% used [0x00000000eb300000,0x00000000eb430020,0x00000000eb500000)
  to   space 2048K, 0% used [0x00000000eb100000,0x00000000eb100000,0x00000000eb300000)
 ParOldGen       total 129024K, used 111492K [0x00000000c0000000, 0x00000000c7e00000, 0x00000000eab00000)
  object space 129024K, 86% used [0x00000000c0000000,0x00000000c6ce1260,0x00000000c7e00000)
 Metaspace       used 82489K, committed 83584K, reserved 1130496K
  class space    used 8174K, committed 8640K, reserved 1048576K
}
Event: 852.570 GC heap before
{Heap before GC invocations=3418 (full 66):
 PSYoungGen      total 8192K, used 7360K [0x00000000eab00000, 0x00000000eb500000, 0x0000000100000000)
  eden space 6144K, 100% used [0x00000000eab00000,0x00000000eb100000,0x00000000eb100000)
  from space 2048K, 59% used [0x00000000eb300000,0x00000000eb430020,0x00000000eb500000)
  to   space 2048K, 0% used [0x00000000eb100000,0x00000000eb100000,0x00000000eb300000)
 ParOldGen       total 129024K, used 111492K [0x00000000c0000000, 0x00000000c7e00000, 0x00000000eab00000)
  object space 129024K, 86% used [0x00000000c0000000,0x00000000c6ce1260,0x00000000c7e00000)
 Metaspace       used 82489K, committed 83584K, reserved 1130496K
  class space    used 8174K, committed 8640K, reserved 1048576K
}
Event: 852.571 GC heap after
{Heap after GC invocations=3418 (full 66):
 PSYoungGen      total 7168K, used 528K [0x00000000eab00000, 0x00000000eb380000, 0x0000000100000000)
  eden space 6144K, 0% used [0x00000000eab00000,0x00000000eab00000,0x00000000eb100000)
  from space 1024K, 51% used [0x00000000eb100000,0x00000000eb184010,0x00000000eb200000)
  to   space 1024K, 0% used [0x00000000eb280000,0x00000000eb280000,0x00000000eb380000)
 ParOldGen       total 129024K, used 112645K [0x00000000c0000000, 0x00000000c7e00000, 0x00000000eab00000)
  object space 129024K, 87% used [0x00000000c0000000,0x00000000c6e01600,0x00000000c7e00000)
 Metaspace       used 82489K, committed 83584K, reserved 1130496K
  class space    used 8174K, committed 8640K, reserved 1048576K
}
Event: 852.866 GC heap before
{Heap before GC invocations=3419 (full 66):
 PSYoungGen      total 7168K, used 6672K [0x00000000eab00000, 0x00000000eb380000, 0x0000000100000000)
  eden space 6144K, 100% used [0x00000000eab00000,0x00000000eb100000,0x00000000eb100000)
  from space 1024K, 51% used [0x00000000eb100000,0x00000000eb184010,0x00000000eb200000)
  to   space 1024K, 0% used [0x00000000eb280000,0x00000000eb280000,0x00000000eb380000)
 ParOldGen       total 129024K, used 112645K [0x00000000c0000000, 0x00000000c7e00000, 0x00000000eab00000)
  object space 129024K, 87% used [0x00000000c0000000,0x00000000c6e01600,0x00000000c7e00000)
 Metaspace       used 82489K, committed 83584K, reserved 1130496K
  class space    used 8174K, committed 8640K, reserved 1048576K
}
Event: 852.867 GC heap after
{Heap after GC invocations=3419 (full 66):
 PSYoungGen      total 7168K, used 528K [0x00000000eab00000, 0x00000000eb380000, 0x0000000100000000)
  eden space 6144K, 0% used [0x00000000eab00000,0x00000000eab00000,0x00000000eb100000)
  from space 1024K, 51% used [0x00000000eb280000,0x00000000eb304010,0x00000000eb380000)
  to   space 1024K, 0% used [0x00000000eb100000,0x00000000eb100000,0x00000000eb200000)
 ParOldGen       total 129024K, used 112978K [0x00000000c0000000, 0x00000000c7e00000, 0x00000000eab00000)
  object space 129024K, 87% used [0x00000000c0000000,0x00000000c6e54aa0,0x00000000c7e00000)
 Metaspace       used 82489K, committed 83584K, reserved 1130496K
  class space    used 8174K, committed 8640K, reserved 1048576K
}
Event: 852.876 GC heap before
{Heap before GC invocations=3420 (full 66):
 PSYoungGen      total 7168K, used 6672K [0x00000000eab00000, 0x00000000eb380000, 0x0000000100000000)
  eden space 6144K, 100% used [0x00000000eab00000,0x00000000eb100000,0x00000000eb100000)
  from space 1024K, 51% used [0x00000000eb280000,0x00000000eb304010,0x00000000eb380000)
  to   space 1024K, 0% used [0x00000000eb100000,0x00000000eb100000,0x00000000eb200000)
 ParOldGen       total 129024K, used 112978K [0x00000000c0000000, 0x00000000c7e00000, 0x00000000eab00000)
  object space 129024K, 87% used [0x00000000c0000000,0x00000000c6e54aa0,0x00000000c7e00000)
 Metaspace       used 82489K, committed 83584K, reserved 1130496K
  class space    used 8174K, committed 8640K, reserved 1048576K
}
Event: 852.879 GC heap after
{Heap after GC invocations=3420 (full 66):
 PSYoungGen      total 7168K, used 994K [0x00000000eab00000, 0x00000000ec000000, 0x0000000100000000)
  eden space 6144K, 0% used [0x00000000eab00000,0x00000000eab00000,0x00000000eb100000)
  from space 1024K, 97% used [0x00000000eb100000,0x00000000eb1f8888,0x00000000eb200000)
  to   space 7680K, 0% used [0x00000000eb880000,0x00000000eb880000,0x00000000ec000000)
 ParOldGen       total 129024K, used 118257K [0x00000000c0000000, 0x00000000c7e00000, 0x00000000eab00000)
  object space 129024K, 91% used [0x00000000c0000000,0x00000000c737c4f8,0x00000000c7e00000)
 Metaspace       used 82489K, committed 83584K, reserved 1130496K
  class space    used 8174K, committed 8640K, reserved 1048576K
}
Event: 852.891 GC heap before
{Heap before GC invocations=3421 (full 66):
 PSYoungGen      total 7168K, used 7138K [0x00000000eab00000, 0x00000000ec000000, 0x0000000100000000)
  eden space 6144K, 100% used [0x00000000eab00000,0x00000000eb100000,0x00000000eb100000)
  from space 1024K, 97% used [0x00000000eb100000,0x00000000eb1f8888,0x00000000eb200000)
  to   space 7680K, 0% used [0x00000000eb880000,0x00000000eb880000,0x00000000ec000000)
 ParOldGen       total 129024K, used 118257K [0x00000000c0000000, 0x00000000c7e00000, 0x00000000eab00000)
  object space 129024K, 91% used [0x00000000c0000000,0x00000000c737c4f8,0x00000000c7e00000)
 Metaspace       used 82489K, committed 83584K, reserved 1130496K
  class space    used 8174K, committed 8640K, reserved 1048576K
}
Event: 852.893 GC heap after
{Heap after GC invocations=3421 (full 66):
 PSYoungGen      total 7680K, used 1303K [0x00000000eab00000, 0x00000000eba00000, 0x0000000100000000)
  eden space 6144K, 0% used [0x00000000eab00000,0x00000000eab00000,0x00000000eb100000)
  from space 1536K, 84% used [0x00000000eb880000,0x00000000eb9c5d10,0x00000000eba00000)
  to   space 3584K, 0% used [0x00000000eb300000,0x00000000eb300000,0x00000000eb680000)
 ParOldGen       total 129024K, used 118840K [0x00000000c0000000, 0x00000000c7e00000, 0x00000000eab00000)
  object space 129024K, 92% used [0x00000000c0000000,0x00000000c740e208,0x00000000c7e00000)
 Metaspace       used 82489K, committed 83584K, reserved 1130496K
  class space    used 8174K, committed 8640K, reserved 1048576K
}
Event: 852.903 GC heap before
{Heap before GC invocations=3422 (full 66):
 PSYoungGen      total 7680K, used 7447K [0x00000000eab00000, 0x00000000eba00000, 0x0000000100000000)
  eden space 6144K, 100% used [0x00000000eab00000,0x00000000eb100000,0x00000000eb100000)
  from space 1536K, 84% used [0x00000000eb880000,0x00000000eb9c5d10,0x00000000eba00000)
  to   space 3584K, 0% used [0x00000000eb300000,0x00000000eb300000,0x00000000eb680000)
 ParOldGen       total 129024K, used 118840K [0x00000000c0000000, 0x00000000c7e00000, 0x00000000eab00000)
  object space 129024K, 92% used [0x00000000c0000000,0x00000000c740e208,0x00000000c7e00000)
 Metaspace       used 82489K, committed 83584K, reserved 1130496K
  class space    used 8174K, committed 8640K, reserved 1048576K
}
Event: 852.907 GC heap after
{Heap after GC invocations=3422 (full 66):
 PSYoungGen      total 11264K, used 3573K [0x00000000eab00000, 0x00000000ec380000, 0x0000000100000000)
  eden space 7680K, 0% used [0x00000000eab00000,0x00000000eab00000,0x00000000eb280000)
  from space 3584K, 99% used [0x00000000eb300000,0x00000000eb67d6f0,0x00000000eb680000)
  to   space 8704K, 0% used [0x00000000ebb00000,0x00000000ebb00000,0x00000000ec380000)
 ParOldGen       total 129024K, used 122626K [0x00000000c0000000, 0x00000000c7e00000, 0x00000000eab00000)
  object space 129024K, 95% used [0x00000000c0000000,0x00000000c77c0818,0x00000000c7e00000)
 Metaspace       used 82489K, committed 83584K, reserved 1130496K
  class space    used 8174K, committed 8640K, reserved 1048576K
}
Event: 852.925 GC heap before
{Heap before GC invocations=3423 (full 66):
 PSYoungGen      total 11264K, used 11253K [0x00000000eab00000, 0x00000000ec380000, 0x0000000100000000)
  eden space 7680K, 100% used [0x00000000eab00000,0x00000000eb280000,0x00000000eb280000)
  from space 3584K, 99% used [0x00000000eb300000,0x00000000eb67d6f0,0x00000000eb680000)
  to   space 8704K, 0% used [0x00000000ebb00000,0x00000000ebb00000,0x00000000ec380000)
 ParOldGen       total 129024K, used 122626K [0x00000000c0000000, 0x00000000c7e00000, 0x00000000eab00000)
  object space 129024K, 95% used [0x00000000c0000000,0x00000000c77c0818,0x00000000c7e00000)
 Metaspace       used 82489K, committed 83584K, reserved 1130496K
  class space    used 8174K, committed 8640K, reserved 1048576K
}
Event: 852.927 GC heap after
{Heap after GC invocations=3423 (full 66):
 PSYoungGen      total 9216K, used 1120K [0x00000000eab00000, 0x00000000ebc80000, 0x0000000100000000)
  eden space 7680K, 0% used [0x00000000eab00000,0x00000000eab00000,0x00000000eb280000)
  from space 1536K, 72% used [0x00000000ebb00000,0x00000000ebc18020,0x00000000ebc80000)
  to   space 3584K, 0% used [0x00000000eb580000,0x00000000eb580000,0x00000000eb900000)
 ParOldGen       total 129024K, used 123938K [0x00000000c0000000, 0x00000000c7e00000, 0x00000000eab00000)
  object space 129024K, 96% used [0x00000000c0000000,0x00000000c7908818,0x00000000c7e00000)
 Metaspace       used 82489K, committed 83584K, reserved 1130496K
  class space    used 8174K, committed 8640K, reserved 1048576K
}
Event: 854.348 GC heap before
{Heap before GC invocations=3424 (full 66):
 PSYoungGen      total 9216K, used 8800K [0x00000000eab00000, 0x00000000ebc80000, 0x0000000100000000)
  eden space 7680K, 100% used [0x00000000eab00000,0x00000000eb280000,0x00000000eb280000)
  from space 1536K, 72% used [0x00000000ebb00000,0x00000000ebc18020,0x00000000ebc80000)
  to   space 3584K, 0% used [0x00000000eb580000,0x00000000eb580000,0x00000000eb900000)
 ParOldGen       total 129024K, used 123938K [0x00000000c0000000, 0x00000000c7e00000, 0x00000000eab00000)
  object space 129024K, 96% used [0x00000000c0000000,0x00000000c7908818,0x00000000c7e00000)
 Metaspace       used 82494K, committed 83648K, reserved 1130496K
  class space    used 8174K, committed 8640K, reserved 1048576K
}
Event: 854.351 GC heap after
{Heap after GC invocations=3424 (full 66):
 PSYoungGen      total 11264K, used 3565K [0x00000000eab00000, 0x00000000ec480000, 0x0000000100000000)
  eden space 7680K, 0% used [0x00000000eab00000,0x00000000eab00000,0x00000000eb280000)
  from space 3584K, 99% used [0x00000000eb580000,0x00000000eb8fb400,0x00000000eb900000)
  to   space 9216K, 0% used [0x00000000ebb80000,0x00000000ebb80000,0x00000000ec480000)
 ParOldGen       total 129024K, used 128049K [0x00000000c0000000, 0x00000000c7e00000, 0x00000000eab00000)
  object space 129024K, 99% used [0x00000000c0000000,0x00000000c7d0c5d8,0x00000000c7e00000)
 Metaspace       used 82494K, committed 83648K, reserved 1130496K
  class space    used 8174K, committed 8640K, reserved 1048576K
}
Event: 854.351 GC heap before
{Heap before GC invocations=3425 (full 67):
 PSYoungGen      total 11264K, used 3565K [0x00000000eab00000, 0x00000000ec480000, 0x0000000100000000)
  eden space 7680K, 0% used [0x00000000eab00000,0x00000000eab00000,0x00000000eb280000)
  from space 3584K, 99% used [0x00000000eb580000,0x00000000eb8fb400,0x00000000eb900000)
  to   space 9216K, 0% used [0x00000000ebb80000,0x00000000ebb80000,0x00000000ec480000)
 ParOldGen       total 129024K, used 128049K [0x00000000c0000000, 0x00000000c7e00000, 0x00000000eab00000)
  object space 129024K, 99% used [0x00000000c0000000,0x00000000c7d0c5d8,0x00000000c7e00000)
 Metaspace       used 82494K, committed 83648K, reserved 1130496K
  class space    used 8174K, committed 8640K, reserved 1048576K
}

