# JRE version: OpenJDK Runtime Environment Temurin-17.0.6+10 (17.0.6+10) (build 17.0.6+10)
# Java VM: OpenJDK 64-Bit Server VM Temurin-17.0.6+10 (17.0.6+10, mixed mode, tiered, compressed oops, compressed class ptrs, parallel gc, windows-amd64)
GC Precious Log:
 CPUs: 4 total, 4 available
 Memory: 16336M
 Large Page Support: Disabled
 NUMA Support: Disabled
 Compressed Oops: Enabled (32-bit)
 Alignments: Space 512K, Generation 512K, Heap 2M
 Heap Min Capacity: 100M
 Heap Initial Capacity: 100M
 Heap Max Capacity: 1G
 Pre-touch: Disabled
 Parallel Workers: 4
Heap:
 PSYoungGen      total 31744K, used 19485K [0x00000000eab00000, 0x00000000ed900000, 0x0000000100000000)
  eden space 29184K, 59% used [0x00000000eab00000,0x00000000ebbe1730,0x00000000ec780000)
  from space 2560K, 85% used [0x00000000ed680000,0x00000000ed8a6028,0x00000000ed900000)
  to   space 2560K, 0% used [0x00000000ed400000,0x00000000ed400000,0x00000000ed680000)
 ParOldGen       total 389120K, used 362173K [0x00000000c0000000, 0x00000000d7c00000, 0x00000000eab00000)
  object space 389120K, 93% used [0x00000000c0000000,0x00000000d61af568,0x00000000d7c00000)
 Metaspace       used 69825K, committed 70784K, reserved 1114112K
  class space    used 7150K, committed 7616K, reserved 1048576K
GC Heap History (20 events):
Event: 4083.045 GC heap before
{Heap before GC invocations=247 (full 13):
 PSYoungGen      total 43520K, used 43308K [0x00000000eab00000, 0x00000000eee00000, 0x0000000100000000)
  eden space 20992K, 100% used [0x00000000eab00000,0x00000000ebf80000,0x00000000ebf80000)
  from space 22528K, 99% used [0x00000000ed800000,0x00000000eedcb268,0x00000000eee00000)
  to   space 23040K, 0% used [0x00000000ec100000,0x00000000ec100000,0x00000000ed780000)
 ParOldGen       total 389120K, used 326251K [0x00000000c0000000, 0x00000000d7c00000, 0x00000000eab00000)
  object space 389120K, 83% used [0x00000000c0000000,0x00000000d3e9ae40,0x00000000d7c00000)
 Metaspace       used 67252K, committed 68288K, reserved 1114112K
  class space    used 6973K, committed 7488K, reserved 1048576K
}
Event: 4083.061 GC heap after
{Heap after GC invocations=247 (full 13):
 PSYoungGen      total 45568K, used 23038K [0x00000000eab00000, 0x00000000f0400000, 0x0000000100000000)
  eden space 22528K, 0% used [0x00000000eab00000,0x00000000eab00000,0x00000000ec100000)
  from space 23040K, 99% used [0x00000000ec100000,0x00000000ed77f8b0,0x00000000ed780000)
  to   space 34304K, 0% used [0x00000000ee280000,0x00000000ee280000,0x00000000f0400000)
 ParOldGen       total 389120K, used 335691K [0x00000000c0000000, 0x00000000d7c00000, 0x00000000eab00000)
  object space 389120K, 86% used [0x00000000c0000000,0x00000000d47d2c10,0x00000000d7c00000)
 Metaspace       used 67252K, committed 68288K, reserved 1114112K
  class space    used 6973K, committed 7488K, reserved 1048576K
}
Event: 4083.149 GC heap before
{Heap before GC invocations=248 (full 13):
 PSYoungGen      total 45568K, used 45566K [0x00000000eab00000, 0x00000000f0400000, 0x0000000100000000)
  eden space 22528K, 100% used [0x00000000eab00000,0x00000000ec100000,0x00000000ec100000)
  from space 23040K, 99% used [0x00000000ec100000,0x00000000ed77f8b0,0x00000000ed780000)
  to   space 34304K, 0% used [0x00000000ee280000,0x00000000ee280000,0x00000000f0400000)
 ParOldGen       total 389120K, used 335691K [0x00000000c0000000, 0x00000000d7c00000, 0x00000000eab00000)
  object space 389120K, 86% used [0x00000000c0000000,0x00000000d47d2c10,0x00000000d7c00000)
 Metaspace       used 67257K, committed 68288K, reserved 1114112K
  class space    used 6973K, committed 7488K, reserved 1048576K
}
Event: 4083.163 GC heap after
{Heap after GC invocations=248 (full 13):
 PSYoungGen      total 46592K, used 22314K [0x00000000eab00000, 0x00000000ef880000, 0x0000000100000000)
  eden space 24064K, 0% used [0x00000000eab00000,0x00000000eab00000,0x00000000ec280000)
  from space 22528K, 99% used [0x00000000ee280000,0x00000000ef84abb8,0x00000000ef880000)
  to   space 26112K, 0% used [0x00000000ec580000,0x00000000ec580000,0x00000000edf00000)
 ParOldGen       total 389120K, used 346923K [0x00000000c0000000, 0x00000000d7c00000, 0x00000000eab00000)
  object space 389120K, 89% used [0x00000000c0000000,0x00000000d52caec0,0x00000000d7c00000)
 Metaspace       used 67257K, committed 68288K, reserved 1114112K
  class space    used 6973K, committed 7488K, reserved 1048576K
}
Event: 4084.121 GC heap before
{Heap before GC invocations=249 (full 13):
 PSYoungGen      total 46592K, used 46378K [0x00000000eab00000, 0x00000000ef880000, 0x0000000100000000)
  eden space 24064K, 100% used [0x00000000eab00000,0x00000000ec280000,0x00000000ec280000)
  from space 22528K, 99% used [0x00000000ee280000,0x00000000ef84abb8,0x00000000ef880000)
  to   space 26112K, 0% used [0x00000000ec580000,0x00000000ec580000,0x00000000edf00000)
 ParOldGen       total 389120K, used 346923K [0x00000000c0000000, 0x00000000d7c00000, 0x00000000eab00000)
  object space 389120K, 89% used [0x00000000c0000000,0x00000000d52caec0,0x00000000d7c00000)
 Metaspace       used 67473K, committed 68544K, reserved 1114112K
  class space    used 6978K, committed 7488K, reserved 1048576K
}
Event: 4084.135 GC heap after
{Heap after GC invocations=249 (full 13):
 PSYoungGen      total 42496K, used 16748K [0x00000000eab00000, 0x00000000eea00000, 0x0000000100000000)
  eden space 25600K, 0% used [0x00000000eab00000,0x00000000eab00000,0x00000000ec400000)
  from space 16896K, 99% used [0x00000000ec580000,0x00000000ed5db3d8,0x00000000ed600000)
  to   space 19456K, 0% used [0x00000000ed700000,0x00000000ed700000,0x00000000eea00000)
 ParOldGen       total 389120K, used 346931K [0x00000000c0000000, 0x00000000d7c00000, 0x00000000eab00000)
  object space 389120K, 89% used [0x00000000c0000000,0x00000000d52ccec0,0x00000000d7c00000)
 Metaspace       used 67473K, committed 68544K, reserved 1114112K
  class space    used 6978K, committed 7488K, reserved 1048576K
}
Event: 4085.490 GC heap before
{Heap before GC invocations=250 (full 13):
 PSYoungGen      total 42496K, used 42345K [0x00000000eab00000, 0x00000000eea00000, 0x0000000100000000)
  eden space 25600K, 99% used [0x00000000eab00000,0x00000000ec3ff1c0,0x00000000ec400000)
  from space 16896K, 99% used [0x00000000ec580000,0x00000000ed5db3d8,0x00000000ed600000)
  to   space 19456K, 0% used [0x00000000ed700000,0x00000000ed700000,0x00000000eea00000)
 ParOldGen       total 389120K, used 346931K [0x00000000c0000000, 0x00000000d7c00000, 0x00000000eab00000)
  object space 389120K, 89% used [0x00000000c0000000,0x00000000d52ccec0,0x00000000d7c00000)
 Metaspace       used 67986K, committed 68992K, reserved 1114112K
  class space    used 7019K, committed 7488K, reserved 1048576K
}
Event: 4085.507 GC heap after
{Heap after GC invocations=250 (full 13):
 PSYoungGen      total 44032K, used 16716K [0x00000000eab00000, 0x00000000ee780000, 0x0000000100000000)
  eden space 27136K, 0% used [0x00000000eab00000,0x00000000eab00000,0x00000000ec580000)
  from space 16896K, 98% used [0x00000000ed700000,0x00000000ee7533d8,0x00000000ee780000)
  to   space 17408K, 0% used [0x00000000ec580000,0x00000000ec580000,0x00000000ed680000)
 ParOldGen       total 389120K, used 346939K [0x00000000c0000000, 0x00000000d7c00000, 0x00000000eab00000)
  object space 389120K, 89% used [0x00000000c0000000,0x00000000d52ceec0,0x00000000d7c00000)
 Metaspace       used 67986K, committed 68992K, reserved 1114112K
  class space    used 7019K, committed 7488K, reserved 1048576K
}
Event: 4086.902 GC heap before
{Heap before GC invocations=251 (full 13):
 PSYoungGen      total 44032K, used 43852K [0x00000000eab00000, 0x00000000ee780000, 0x0000000100000000)
  eden space 27136K, 100% used [0x00000000eab00000,0x00000000ec580000,0x00000000ec580000)
  from space 16896K, 98% used [0x00000000ed700000,0x00000000ee7533d8,0x00000000ee780000)
  to   space 17408K, 0% used [0x00000000ec580000,0x00000000ec580000,0x00000000ed680000)
 ParOldGen       total 389120K, used 346939K [0x00000000c0000000, 0x00000000d7c00000, 0x00000000eab00000)
  object space 389120K, 89% used [0x00000000c0000000,0x00000000d52ceec0,0x00000000d7c00000)
 Metaspace       used 68631K, committed 69568K, reserved 1114112K
  class space    used 7077K, committed 7488K, reserved 1048576K
}
Event: 4086.914 GC heap after
{Heap after GC invocations=251 (full 13):
 PSYoungGen      total 44544K, used 16985K [0x00000000eab00000, 0x00000000ee900000, 0x0000000100000000)
  eden space 27136K, 0% used [0x00000000eab00000,0x00000000eab00000,0x00000000ec580000)
  from space 17408K, 97% used [0x00000000ec580000,0x00000000ed616408,0x00000000ed680000)
  to   space 17408K, 0% used [0x00000000ed800000,0x00000000ed800000,0x00000000ee900000)
 ParOldGen       total 389120K, used 346947K [0x00000000c0000000, 0x00000000d7c00000, 0x00000000eab00000)
  object space 389120K, 89% used [0x00000000c0000000,0x00000000d52d0ec0,0x00000000d7c00000)
 Metaspace       used 68631K, committed 69568K, reserved 1114112K
  class space    used 7077K, committed 7488K, reserved 1048576K
}
Event: 4089.643 GC heap before
{Heap before GC invocations=252 (full 13):
 PSYoungGen      total 44544K, used 44121K [0x00000000eab00000, 0x00000000ee900000, 0x0000000100000000)
  eden space 27136K, 100% used [0x00000000eab00000,0x00000000ec580000,0x00000000ec580000)
  from space 17408K, 97% used [0x00000000ec580000,0x00000000ed616408,0x00000000ed680000)
  to   space 17408K, 0% used [0x00000000ed800000,0x00000000ed800000,0x00000000ee900000)
 ParOldGen       total 389120K, used 346947K [0x00000000c0000000, 0x00000000d7c00000, 0x00000000eab00000)
  object space 389120K, 89% used [0x00000000c0000000,0x00000000d52d0ec0,0x00000000d7c00000)
 Metaspace       used 68854K, committed 69760K, reserved 1114112K
  class space    used 7077K, committed 7488K, reserved 1048576K
}
Event: 4089.652 GC heap after
{Heap after GC invocations=252 (full 13):
 PSYoungGen      total 45056K, used 16661K [0x00000000eab00000, 0x00000000ee880000, 0x0000000100000000)
  eden space 28160K, 0% used [0x00000000eab00000,0x00000000eab00000,0x00000000ec680000)
  from space 16896K, 98% used [0x00000000ed800000,0x00000000ee845428,0x00000000ee880000)
  to   space 16896K, 0% used [0x00000000ec780000,0x00000000ec780000,0x00000000ed800000)
 ParOldGen       total 389120K, used 346955K [0x00000000c0000000, 0x00000000d7c00000, 0x00000000eab00000)
  object space 389120K, 89% used [0x00000000c0000000,0x00000000d52d2ec0,0x00000000d7c00000)
 Metaspace       used 68854K, committed 69760K, reserved 1114112K
  class space    used 7077K, committed 7488K, reserved 1048576K
}
Event: 4091.674 GC heap before
{Heap before GC invocations=253 (full 13):
 PSYoungGen      total 45056K, used 44821K [0x00000000eab00000, 0x00000000ee880000, 0x0000000100000000)
  eden space 28160K, 100% used [0x00000000eab00000,0x00000000ec680000,0x00000000ec680000)
  from space 16896K, 98% used [0x00000000ed800000,0x00000000ee845428,0x00000000ee880000)
  to   space 16896K, 0% used [0x00000000ec780000,0x00000000ec780000,0x00000000ed800000)
 ParOldGen       total 389120K, used 346955K [0x00000000c0000000, 0x00000000d7c00000, 0x00000000eab00000)
  object space 389120K, 89% used [0x00000000c0000000,0x00000000d52d2ec0,0x00000000d7c00000)
 Metaspace       used 69089K, committed 70016K, reserved 1114112K
  class space    used 7080K, committed 7552K, reserved 1048576K
}
Event: 4091.684 GC heap after
{Heap after GC invocations=253 (full 13):
 PSYoungGen      total 46080K, used 16877K [0x00000000eab00000, 0x00000000eeb80000, 0x0000000100000000)
  eden space 29184K, 0% used [0x00000000eab00000,0x00000000eab00000,0x00000000ec780000)
  from space 16896K, 99% used [0x00000000ec780000,0x00000000ed7fb4a8,0x00000000ed800000)
  to   space 18432K, 0% used [0x00000000ed980000,0x00000000ed980000,0x00000000eeb80000)
 ParOldGen       total 389120K, used 347899K [0x00000000c0000000, 0x00000000d7c00000, 0x00000000eab00000)
  object space 389120K, 89% used [0x00000000c0000000,0x00000000d53beec0,0x00000000d7c00000)
 Metaspace       used 69089K, committed 70016K, reserved 1114112K
  class space    used 7080K, committed 7552K, reserved 1048576K
}
Event: 4095.056 GC heap before
{Heap before GC invocations=254 (full 13):
 PSYoungGen      total 46080K, used 45859K [0x00000000eab00000, 0x00000000eeb80000, 0x0000000100000000)
  eden space 29184K, 99% used [0x00000000eab00000,0x00000000ec74d8e0,0x00000000ec780000)
  from space 16896K, 99% used [0x00000000ec780000,0x00000000ed7fb4a8,0x00000000ed800000)
  to   space 18432K, 0% used [0x00000000ed980000,0x00000000ed980000,0x00000000eeb80000)
 ParOldGen       total 389120K, used 347899K [0x00000000c0000000, 0x00000000d7c00000, 0x00000000eab00000)
  object space 389120K, 89% used [0x00000000c0000000,0x00000000d53beec0,0x00000000d7c00000)
 Metaspace       used 69282K, committed 70272K, reserved 1114112K
  class space    used 7090K, committed 7552K, reserved 1048576K
}
Event: 4095.066 GC heap after
{Heap after GC invocations=254 (full 13):
 PSYoungGen      total 31744K, used 2552K [0x00000000eab00000, 0x00000000edc00000, 0x0000000100000000)
  eden space 29184K, 0% used [0x00000000eab00000,0x00000000eab00000,0x00000000ec780000)
  from space 2560K, 99% used [0x00000000ed980000,0x00000000edbfe028,0x00000000edc00000)
  to   space 8192K, 0% used [0x00000000ecc00000,0x00000000ecc00000,0x00000000ed400000)
 ParOldGen       total 389120K, used 362157K [0x00000000c0000000, 0x00000000d7c00000, 0x00000000eab00000)
  object space 389120K, 93% used [0x00000000c0000000,0x00000000d61ab568,0x00000000d7c00000)
 Metaspace       used 69282K, committed 70272K, reserved 1114112K
  class space    used 7090K, committed 7552K, reserved 1048576K
}
Event: 4096.387 GC heap before
{Heap before GC invocations=255 (full 13):
 PSYoungGen      total 31744K, used 31736K [0x00000000eab00000, 0x00000000edc00000, 0x0000000100000000)
  eden space 29184K, 99% used [0x00000000eab00000,0x00000000ec77ffe8,0x00000000ec780000)
  from space 2560K, 99% used [0x00000000ed980000,0x00000000edbfe028,0x00000000edc00000)
  to   space 8192K, 0% used [0x00000000ecc00000,0x00000000ecc00000,0x00000000ed400000)
 ParOldGen       total 389120K, used 362157K [0x00000000c0000000, 0x00000000d7c00000, 0x00000000eab00000)
  object space 389120K, 93% used [0x00000000c0000000,0x00000000d61ab568,0x00000000d7c00000)
 Metaspace       used 69369K, committed 70272K, reserved 1114112K
  class space    used 7093K, committed 7552K, reserved 1048576K
}
Event: 4096.391 GC heap after
{Heap after GC invocations=255 (full 13):
 PSYoungGen      total 37376K, used 1944K [0x00000000eab00000, 0x00000000eda00000, 0x0000000100000000)
  eden space 29184K, 0% used [0x00000000eab00000,0x00000000eab00000,0x00000000ec780000)
  from space 8192K, 23% used [0x00000000ecc00000,0x00000000ecde6028,0x00000000ed400000)
  to   space 3584K, 0% used [0x00000000ed680000,0x00000000ed680000,0x00000000eda00000)
 ParOldGen       total 389120K, used 362165K [0x00000000c0000000, 0x00000000d7c00000, 0x00000000eab00000)
  object space 389120K, 93% used [0x00000000c0000000,0x00000000d61ad568,0x00000000d7c00000)
 Metaspace       used 69369K, committed 70272K, reserved 1114112K
  class space    used 7093K, committed 7552K, reserved 1048576K
}
Event: 4099.017 GC heap before
{Heap before GC invocations=256 (full 13):
 PSYoungGen      total 37376K, used 31128K [0x00000000eab00000, 0x00000000eda00000, 0x0000000100000000)
  eden space 29184K, 99% used [0x00000000eab00000,0x00000000ec77ffe8,0x00000000ec780000)
  from space 8192K, 23% used [0x00000000ecc00000,0x00000000ecde6028,0x00000000ed400000)
  to   space 3584K, 0% used [0x00000000ed680000,0x00000000ed680000,0x00000000eda00000)
 ParOldGen       total 389120K, used 362165K [0x00000000c0000000, 0x00000000d7c00000, 0x00000000eab00000)
  object space 389120K, 93% used [0x00000000c0000000,0x00000000d61ad568,0x00000000d7c00000)
 Metaspace       used 69713K, committed 70656K, reserved 1114112K
  class space    used 7132K, committed 7552K, reserved 1048576K
}
Event: 4099.020 GC heap after
{Heap after GC invocations=256 (full 13):
 PSYoungGen      total 31744K, used 2200K [0x00000000eab00000, 0x00000000ed900000, 0x0000000100000000)
  eden space 29184K, 0% used [0x00000000eab00000,0x00000000eab00000,0x00000000ec780000)
  from space 2560K, 85% used [0x00000000ed680000,0x00000000ed8a6028,0x00000000ed900000)
  to   space 2560K, 0% used [0x00000000ed400000,0x00000000ed400000,0x00000000ed680000)
 ParOldGen       total 389120K, used 362173K [0x00000000c0000000, 0x00000000d7c00000, 0x00000000eab00000)
  object space 389120K, 93% used [0x00000000c0000000,0x00000000d61af568,0x00000000d7c00000)
 Metaspace       used 69713K, committed 70656K, reserved 1114112K
  class space    used 7132K, committed 7552K, reserved 1048576K
}

