# JRE version: OpenJDK Runtime Environment Temurin-17.0.6+10 (17.0.6+10) (build 17.0.6+10)
# Java VM: OpenJDK 64-Bit Server VM Temurin-17.0.6+10 (17.0.6+10, mixed mode, tiered, compressed oops, compressed class ptrs, parallel gc, windows-amd64)
GC Precious Log:
 CPUs: 4 total, 4 available
 Memory: 16336M
 Large Page Support: Disabled
 NUMA Support: Disabled
 Compressed Oops: Enabled (32-bit)
 Alignments: Space 512K, Generation 512K, Heap 2M
 Heap Min Capacity: 100M
 Heap Initial Capacity: 100M
 Heap Max Capacity: 1G
 Pre-touch: Disabled
 Parallel Workers: 4
Heap:
 PSYoungGen      total 2048K, used 160K [0x00000000eab00000, 0x00000000eae80000, 0x0000000100000000)
  eden space 1536K, 0% used [0x00000000eab00000,0x00000000eab00000,0x00000000eac80000)
  from space 512K, 31% used [0x00000000ead80000,0x00000000eada8000,0x00000000eae00000)
  to   space 512K, 0% used [0x00000000eae00000,0x00000000eae00000,0x00000000eae80000)
 ParOldGen       total 112640K, used 112450K [0x00000000c0000000, 0x00000000c6e00000, 0x00000000eab00000)
  object space 112640K, 99% used [0x00000000c0000000,0x00000000c6dd0968,0x00000000c6e00000)
 Metaspace       used 83842K, committed 84864K, reserved 1130496K
  class space    used 8229K, committed 8704K, reserved 1048576K
GC Heap History (20 events):
Event: 1630.595 GC heap after
{Heap after GC invocations=6218 (full 108):
 PSYoungGen      total 2048K, used 512K [0x00000000eab00000, 0x00000000eae80000, 0x0000000100000000)
  eden space 1536K, 0% used [0x00000000eab00000,0x00000000eab00000,0x00000000eac80000)
  from space 512K, 100% used [0x00000000eae00000,0x00000000eae80000,0x00000000eae80000)
  to   space 1024K, 0% used [0x00000000eac80000,0x00000000eac80000,0x00000000ead80000)
 ParOldGen       total 112640K, used 109881K [0x00000000c0000000, 0x00000000c6e00000, 0x00000000eab00000)
  object space 112640K, 97% used [0x00000000c0000000,0x00000000c6b4e7c8,0x00000000c6e00000)
 Metaspace       used 83842K, committed 84864K, reserved 1130496K
  class space    used 8229K, committed 8704K, reserved 1048576K
}
Event: 1630.601 GC heap before
{Heap before GC invocations=6219 (full 108):
 PSYoungGen      total 2048K, used 2047K [0x00000000eab00000, 0x00000000eae80000, 0x0000000100000000)
  eden space 1536K, 99% used [0x00000000eab00000,0x00000000eac7fd80,0x00000000eac80000)
  from space 512K, 100% used [0x00000000eae00000,0x00000000eae80000,0x00000000eae80000)
  to   space 1024K, 0% used [0x00000000eac80000,0x00000000eac80000,0x00000000ead80000)
 ParOldGen       total 112640K, used 109881K [0x00000000c0000000, 0x00000000c6e00000, 0x00000000eab00000)
  object space 112640K, 97% used [0x00000000c0000000,0x00000000c6b4e7c8,0x00000000c6e00000)
 Metaspace       used 83842K, committed 84864K, reserved 1130496K
  class space    used 8229K, committed 8704K, reserved 1048576K
}
Event: 1630.601 GC heap after
{Heap after GC invocations=6219 (full 108):
 PSYoungGen      total 2560K, used 128K [0x00000000eab00000, 0x00000000eae80000, 0x0000000100000000)
  eden space 1536K, 0% used [0x00000000eab00000,0x00000000eab00000,0x00000000eac80000)
  from space 1024K, 12% used [0x00000000eac80000,0x00000000eaca0000,0x00000000ead80000)
  to   space 512K, 0% used [0x00000000eae00000,0x00000000eae00000,0x00000000eae80000)
 ParOldGen       total 112640K, used 110383K [0x00000000c0000000, 0x00000000c6e00000, 0x00000000eab00000)
  object space 112640K, 97% used [0x00000000c0000000,0x00000000c6bcbc68,0x00000000c6e00000)
 Metaspace       used 83842K, committed 84864K, reserved 1130496K
  class space    used 8229K, committed 8704K, reserved 1048576K
}
Event: 1630.607 GC heap before
{Heap before GC invocations=6220 (full 108):
 PSYoungGen      total 2560K, used 1663K [0x00000000eab00000, 0x00000000eae80000, 0x0000000100000000)
  eden space 1536K, 99% used [0x00000000eab00000,0x00000000eac7ff20,0x00000000eac80000)
  from space 1024K, 12% used [0x00000000eac80000,0x00000000eaca0000,0x00000000ead80000)
  to   space 512K, 0% used [0x00000000eae00000,0x00000000eae00000,0x00000000eae80000)
 ParOldGen       total 112640K, used 110383K [0x00000000c0000000, 0x00000000c6e00000, 0x00000000eab00000)
  object space 112640K, 97% used [0x00000000c0000000,0x00000000c6bcbc68,0x00000000c6e00000)
 Metaspace       used 83842K, committed 84864K, reserved 1130496K
  class space    used 8229K, committed 8704K, reserved 1048576K
}
Event: 1630.608 GC heap after
{Heap after GC invocations=6220 (full 108):
 PSYoungGen      total 2048K, used 384K [0x00000000eab00000, 0x00000000eae80000, 0x0000000100000000)
  eden space 1536K, 0% used [0x00000000eab00000,0x00000000eab00000,0x00000000eac80000)
  from space 512K, 75% used [0x00000000eae00000,0x00000000eae60000,0x00000000eae80000)
  to   space 512K, 0% used [0x00000000ead80000,0x00000000ead80000,0x00000000eae00000)
 ParOldGen       total 112640K, used 110471K [0x00000000c0000000, 0x00000000c6e00000, 0x00000000eab00000)
  object space 112640K, 98% used [0x00000000c0000000,0x00000000c6be1c68,0x00000000c6e00000)
 Metaspace       used 83842K, committed 84864K, reserved 1130496K
  class space    used 8229K, committed 8704K, reserved 1048576K
}
Event: 1630.613 GC heap before
{Heap before GC invocations=6221 (full 108):
 PSYoungGen      total 2048K, used 1920K [0x00000000eab00000, 0x00000000eae80000, 0x0000000100000000)
  eden space 1536K, 100% used [0x00000000eab00000,0x00000000eac80000,0x00000000eac80000)
  from space 512K, 75% used [0x00000000eae00000,0x00000000eae60000,0x00000000eae80000)
  to   space 512K, 0% used [0x00000000ead80000,0x00000000ead80000,0x00000000eae00000)
 ParOldGen       total 112640K, used 110471K [0x00000000c0000000, 0x00000000c6e00000, 0x00000000eab00000)
  object space 112640K, 98% used [0x00000000c0000000,0x00000000c6be1c68,0x00000000c6e00000)
 Metaspace       used 83842K, committed 84864K, reserved 1130496K
  class space    used 8229K, committed 8704K, reserved 1048576K
}
Event: 1630.613 GC heap after
{Heap after GC invocations=6221 (full 108):
 PSYoungGen      total 2048K, used 336K [0x00000000eab00000, 0x00000000eae80000, 0x0000000100000000)
  eden space 1536K, 0% used [0x00000000eab00000,0x00000000eab00000,0x00000000eac80000)
  from space 512K, 65% used [0x00000000ead80000,0x00000000eadd4010,0x00000000eae00000)
  to   space 512K, 0% used [0x00000000eae00000,0x00000000eae00000,0x00000000eae80000)
 ParOldGen       total 112640K, used 110757K [0x00000000c0000000, 0x00000000c6e00000, 0x00000000eab00000)
  object space 112640K, 98% used [0x00000000c0000000,0x00000000c6c296c8,0x00000000c6e00000)
 Metaspace       used 83842K, committed 84864K, reserved 1130496K
  class space    used 8229K, committed 8704K, reserved 1048576K
}
Event: 1630.628 GC heap before
{Heap before GC invocations=6222 (full 108):
 PSYoungGen      total 2048K, used 1872K [0x00000000eab00000, 0x00000000eae80000, 0x0000000100000000)
  eden space 1536K, 100% used [0x00000000eab00000,0x00000000eac80000,0x00000000eac80000)
  from space 512K, 65% used [0x00000000ead80000,0x00000000eadd4010,0x00000000eae00000)
  to   space 512K, 0% used [0x00000000eae00000,0x00000000eae00000,0x00000000eae80000)
 ParOldGen       total 112640K, used 110757K [0x00000000c0000000, 0x00000000c6e00000, 0x00000000eab00000)
  object space 112640K, 98% used [0x00000000c0000000,0x00000000c6c296c8,0x00000000c6e00000)
 Metaspace       used 83842K, committed 84864K, reserved 1130496K
  class space    used 8229K, committed 8704K, reserved 1048576K
}
Event: 1630.629 GC heap after
{Heap after GC invocations=6222 (full 108):
 PSYoungGen      total 2048K, used 480K [0x00000000eab00000, 0x00000000eae80000, 0x0000000100000000)
  eden space 1536K, 0% used [0x00000000eab00000,0x00000000eab00000,0x00000000eac80000)
  from space 512K, 93% used [0x00000000eae00000,0x00000000eae78000,0x00000000eae80000)
  to   space 512K, 0% used [0x00000000ead80000,0x00000000ead80000,0x00000000eae00000)
 ParOldGen       total 112640K, used 111050K [0x00000000c0000000, 0x00000000c6e00000, 0x00000000eab00000)
  object space 112640K, 98% used [0x00000000c0000000,0x00000000c6c72b68,0x00000000c6e00000)
 Metaspace       used 83842K, committed 84864K, reserved 1130496K
  class space    used 8229K, committed 8704K, reserved 1048576K
}
Event: 1630.636 GC heap before
{Heap before GC invocations=6223 (full 108):
 PSYoungGen      total 2048K, used 2016K [0x00000000eab00000, 0x00000000eae80000, 0x0000000100000000)
  eden space 1536K, 100% used [0x00000000eab00000,0x00000000eac80000,0x00000000eac80000)
  from space 512K, 93% used [0x00000000eae00000,0x00000000eae78000,0x00000000eae80000)
  to   space 512K, 0% used [0x00000000ead80000,0x00000000ead80000,0x00000000eae00000)
 ParOldGen       total 112640K, used 111050K [0x00000000c0000000, 0x00000000c6e00000, 0x00000000eab00000)
  object space 112640K, 98% used [0x00000000c0000000,0x00000000c6c72b68,0x00000000c6e00000)
 Metaspace       used 83842K, committed 84864K, reserved 1130496K
  class space    used 8229K, committed 8704K, reserved 1048576K
}
Event: 1630.636 GC heap after
{Heap after GC invocations=6223 (full 108):
 PSYoungGen      total 2048K, used 352K [0x00000000eab00000, 0x00000000eae80000, 0x0000000100000000)
  eden space 1536K, 0% used [0x00000000eab00000,0x00000000eab00000,0x00000000eac80000)
  from space 512K, 68% used [0x00000000ead80000,0x00000000eadd8000,0x00000000eae00000)
  to   space 512K, 0% used [0x00000000eae00000,0x00000000eae00000,0x00000000eae80000)
 ParOldGen       total 112640K, used 111488K [0x00000000c0000000, 0x00000000c6e00000, 0x00000000eab00000)
  object space 112640K, 98% used [0x00000000c0000000,0x00000000c6ce0008,0x00000000c6e00000)
 Metaspace       used 83842K, committed 84864K, reserved 1130496K
  class space    used 8229K, committed 8704K, reserved 1048576K
}
Event: 1630.643 GC heap before
{Heap before GC invocations=6224 (full 108):
 PSYoungGen      total 2048K, used 1888K [0x00000000eab00000, 0x00000000eae80000, 0x0000000100000000)
  eden space 1536K, 100% used [0x00000000eab00000,0x00000000eac80000,0x00000000eac80000)
  from space 512K, 68% used [0x00000000ead80000,0x00000000eadd8000,0x00000000eae00000)
  to   space 512K, 0% used [0x00000000eae00000,0x00000000eae00000,0x00000000eae80000)
 ParOldGen       total 112640K, used 111488K [0x00000000c0000000, 0x00000000c6e00000, 0x00000000eab00000)
  object space 112640K, 98% used [0x00000000c0000000,0x00000000c6ce0008,0x00000000c6e00000)
 Metaspace       used 83842K, committed 84864K, reserved 1130496K
  class space    used 8229K, committed 8704K, reserved 1048576K
}
Event: 1630.644 GC heap after
{Heap after GC invocations=6224 (full 108):
 PSYoungGen      total 2048K, used 160K [0x00000000eab00000, 0x00000000eae80000, 0x0000000100000000)
  eden space 1536K, 0% used [0x00000000eab00000,0x00000000eab00000,0x00000000eac80000)
  from space 512K, 31% used [0x00000000eae00000,0x00000000eae28000,0x00000000eae80000)
  to   space 512K, 0% used [0x00000000ead80000,0x00000000ead80000,0x00000000eae00000)
 ParOldGen       total 112640K, used 111806K [0x00000000c0000000, 0x00000000c6e00000, 0x00000000eab00000)
  object space 112640K, 99% used [0x00000000c0000000,0x00000000c6d2fa68,0x00000000c6e00000)
 Metaspace       used 83842K, committed 84864K, reserved 1130496K
  class space    used 8229K, committed 8704K, reserved 1048576K
}
Event: 1630.649 GC heap before
{Heap before GC invocations=6225 (full 108):
 PSYoungGen      total 2048K, used 1696K [0x00000000eab00000, 0x00000000eae80000, 0x0000000100000000)
  eden space 1536K, 100% used [0x00000000eab00000,0x00000000eac80000,0x00000000eac80000)
  from space 512K, 31% used [0x00000000eae00000,0x00000000eae28000,0x00000000eae80000)
  to   space 512K, 0% used [0x00000000ead80000,0x00000000ead80000,0x00000000eae00000)
 ParOldGen       total 112640K, used 111806K [0x00000000c0000000, 0x00000000c6e00000, 0x00000000eab00000)
  object space 112640K, 99% used [0x00000000c0000000,0x00000000c6d2fa68,0x00000000c6e00000)
 Metaspace       used 83842K, committed 84864K, reserved 1130496K
  class space    used 8229K, committed 8704K, reserved 1048576K
}
Event: 1630.650 GC heap after
{Heap after GC invocations=6225 (full 108):
 PSYoungGen      total 2048K, used 416K [0x00000000eab00000, 0x00000000eae80000, 0x0000000100000000)
  eden space 1536K, 0% used [0x00000000eab00000,0x00000000eab00000,0x00000000eac80000)
  from space 512K, 81% used [0x00000000ead80000,0x00000000eade8000,0x00000000eae00000)
  to   space 512K, 0% used [0x00000000eae00000,0x00000000eae00000,0x00000000eae80000)
 ParOldGen       total 112640K, used 111862K [0x00000000c0000000, 0x00000000c6e00000, 0x00000000eab00000)
  object space 112640K, 99% used [0x00000000c0000000,0x00000000c6d3da68,0x00000000c6e00000)
 Metaspace       used 83842K, committed 84864K, reserved 1130496K
  class space    used 8229K, committed 8704K, reserved 1048576K
}
Event: 1630.654 GC heap before
{Heap before GC invocations=6226 (full 108):
 PSYoungGen      total 2048K, used 1952K [0x00000000eab00000, 0x00000000eae80000, 0x0000000100000000)
  eden space 1536K, 100% used [0x00000000eab00000,0x00000000eac80000,0x00000000eac80000)
  from space 512K, 81% used [0x00000000ead80000,0x00000000eade8000,0x00000000eae00000)
  to   space 512K, 0% used [0x00000000eae00000,0x00000000eae00000,0x00000000eae80000)
 ParOldGen       total 112640K, used 111862K [0x00000000c0000000, 0x00000000c6e00000, 0x00000000eab00000)
  object space 112640K, 99% used [0x00000000c0000000,0x00000000c6d3da68,0x00000000c6e00000)
 Metaspace       used 83842K, committed 84864K, reserved 1130496K
  class space    used 8229K, committed 8704K, reserved 1048576K
}
Event: 1630.656 GC heap after
{Heap after GC invocations=6226 (full 108):
 PSYoungGen      total 2048K, used 256K [0x00000000eab00000, 0x00000000eae80000, 0x0000000100000000)
  eden space 1536K, 0% used [0x00000000eab00000,0x00000000eab00000,0x00000000eac80000)
  from space 512K, 50% used [0x00000000eae00000,0x00000000eae40000,0x00000000eae80000)
  to   space 512K, 0% used [0x00000000ead80000,0x00000000ead80000,0x00000000eae00000)
 ParOldGen       total 112640K, used 112213K [0x00000000c0000000, 0x00000000c6e00000, 0x00000000eab00000)
  object space 112640K, 99% used [0x00000000c0000000,0x00000000c6d954c8,0x00000000c6e00000)
 Metaspace       used 83842K, committed 84864K, reserved 1130496K
  class space    used 8229K, committed 8704K, reserved 1048576K
}
Event: 1631.608 GC heap before
{Heap before GC invocations=6227 (full 108):
 PSYoungGen      total 2048K, used 1792K [0x00000000eab00000, 0x00000000eae80000, 0x0000000100000000)
  eden space 1536K, 100% used [0x00000000eab00000,0x00000000eac80000,0x00000000eac80000)
  from space 512K, 50% used [0x00000000eae00000,0x00000000eae40000,0x00000000eae80000)
  to   space 512K, 0% used [0x00000000ead80000,0x00000000ead80000,0x00000000eae00000)
 ParOldGen       total 112640K, used 112213K [0x00000000c0000000, 0x00000000c6e00000, 0x00000000eab00000)
  object space 112640K, 99% used [0x00000000c0000000,0x00000000c6d954c8,0x00000000c6e00000)
 Metaspace       used 83842K, committed 84864K, reserved 1130496K
  class space    used 8229K, committed 8704K, reserved 1048576K
}
Event: 1631.609 GC heap after
{Heap after GC invocations=6227 (full 108):
 PSYoungGen      total 2048K, used 160K [0x00000000eab00000, 0x00000000eae80000, 0x0000000100000000)
  eden space 1536K, 0% used [0x00000000eab00000,0x00000000eab00000,0x00000000eac80000)
  from space 512K, 31% used [0x00000000ead80000,0x00000000eada8000,0x00000000eae00000)
  to   space 512K, 0% used [0x00000000eae00000,0x00000000eae00000,0x00000000eae80000)
 ParOldGen       total 112640K, used 112450K [0x00000000c0000000, 0x00000000c6e00000, 0x00000000eab00000)
  object space 112640K, 99% used [0x00000000c0000000,0x00000000c6dd0968,0x00000000c6e00000)
 Metaspace       used 83842K, committed 84864K, reserved 1130496K
  class space    used 8229K, committed 8704K, reserved 1048576K
}
Event: 1631.609 GC heap before
{Heap before GC invocations=6228 (full 109):
 PSYoungGen      total 2048K, used 160K [0x00000000eab00000, 0x00000000eae80000, 0x0000000100000000)
  eden space 1536K, 0% used [0x00000000eab00000,0x00000000eab00000,0x00000000eac80000)
  from space 512K, 31% used [0x00000000ead80000,0x00000000eada8000,0x00000000eae00000)
  to   space 512K, 0% used [0x00000000eae00000,0x00000000eae00000,0x00000000eae80000)
 ParOldGen       total 112640K, used 112450K [0x00000000c0000000, 0x00000000c6e00000, 0x00000000eab00000)
  object space 112640K, 99% used [0x00000000c0000000,0x00000000c6dd0968,0x00000000c6e00000)
 Metaspace       used 83842K, committed 84864K, reserved 1130496K
  class space    used 8229K, committed 8704K, reserved 1048576K
}

