# JRE version: OpenJDK Runtime Environment Temurin-17.0.6+10 (17.0.6+10) (build 17.0.6+10)
# Java VM: OpenJDK 64-Bit Server VM Temurin-17.0.6+10 (17.0.6+10, mixed mode, tiered, compressed oops, compressed class ptrs, parallel gc, windows-amd64)
GC Precious Log:
 CPUs: 4 total, 4 available
 Memory: 16336M
 Large Page Support: Disabled
 NUMA Support: Disabled
 Compressed Oops: Enabled (32-bit)
 Alignments: Space 512K, Generation 512K, Heap 2M
 Heap Min Capacity: 100M
 Heap Initial Capacity: 100M
 Heap Max Capacity: 1G
 Pre-touch: Disabled
 Parallel Workers: 4
Heap:
 PSYoungGen      total 3584K, used 3168K [0x00000000eab00000, 0x00000000eaf80000, 0x0000000100000000)
  eden space 3072K, 100% used [0x00000000eab00000,0x00000000eae00000,0x00000000eae00000)
  from space 512K, 18% used [0x00000000eaf00000,0x00000000eaf18000,0x00000000eaf80000)
  to   space 512K, 0% used [0x00000000eae80000,0x00000000eae80000,0x00000000eaf00000)
 ParOldGen       total 133632K, used 118112K [0x00000000c0000000, 0x00000000c8280000, 0x00000000eab00000)
  object space 133632K, 88% used [0x00000000c0000000,0x00000000c7358310,0x00000000c8280000)
 Metaspace       used 78701K, committed 79744K, reserved 1122304K
  class space    used 8081K, committed 8512K, reserved 1048576K
GC Heap History (20 events):
Event: 1962.627 GC heap before
{Heap before GC invocations=560 (full 10):
 PSYoungGen      total 1536K, used 1529K [0x00000000eab00000, 0x00000000eb300000, 0x0000000100000000)
  eden space 512K, 100% used [0x00000000eab00000,0x00000000eab80000,0x00000000eab80000)
  from space 1024K, 99% used [0x00000000eae00000,0x00000000eaefe6f0,0x00000000eaf00000)
  to   space 2560K, 0% used [0x00000000eab80000,0x00000000eab80000,0x00000000eae00000)
 ParOldGen       total 133632K, used 112950K [0x00000000c0000000, 0x00000000c8280000, 0x00000000eab00000)
  object space 133632K, 84% used [0x00000000c0000000,0x00000000c6e4da40,0x00000000c8280000)
 Metaspace       used 78697K, committed 79744K, reserved 1122304K
  class space    used 8081K, committed 8512K, reserved 1048576K
}
Event: 1962.628 GC heap after
{Heap after GC invocations=560 (full 10):
 PSYoungGen      total 1024K, used 512K [0x00000000eab00000, 0x00000000eaf00000, 0x0000000100000000)
  eden space 512K, 0% used [0x00000000eab00000,0x00000000eab00000,0x00000000eab80000)
  from space 512K, 100% used [0x00000000eab80000,0x00000000eac00000,0x00000000eac00000)
  to   space 1536K, 0% used [0x00000000ead80000,0x00000000ead80000,0x00000000eaf00000)
 ParOldGen       total 133632K, used 113992K [0x00000000c0000000, 0x00000000c8280000, 0x00000000eab00000)
  object space 133632K, 85% used [0x00000000c0000000,0x00000000c6f52130,0x00000000c8280000)
 Metaspace       used 78697K, committed 79744K, reserved 1122304K
  class space    used 8081K, committed 8512K, reserved 1048576K
}
Event: 1962.629 GC heap before
{Heap before GC invocations=561 (full 10):
 PSYoungGen      total 1024K, used 1024K [0x00000000eab00000, 0x00000000eaf00000, 0x0000000100000000)
  eden space 512K, 100% used [0x00000000eab00000,0x00000000eab80000,0x00000000eab80000)
  from space 512K, 100% used [0x00000000eab80000,0x00000000eac00000,0x00000000eac00000)
  to   space 1536K, 0% used [0x00000000ead80000,0x00000000ead80000,0x00000000eaf00000)
 ParOldGen       total 133632K, used 113992K [0x00000000c0000000, 0x00000000c8280000, 0x00000000eab00000)
  object space 133632K, 85% used [0x00000000c0000000,0x00000000c6f52130,0x00000000c8280000)
 Metaspace       used 78697K, committed 79744K, reserved 1122304K
  class space    used 8081K, committed 8512K, reserved 1048576K
}
Event: 1962.630 GC heap after
{Heap after GC invocations=561 (full 10):
 PSYoungGen      total 1536K, used 480K [0x00000000eab00000, 0x00000000eae00000, 0x0000000100000000)
  eden space 1024K, 0% used [0x00000000eab00000,0x00000000eab00000,0x00000000eac00000)
  from space 512K, 93% used [0x00000000ead80000,0x00000000eadf8000,0x00000000eae00000)
  to   space 1024K, 0% used [0x00000000eac00000,0x00000000eac00000,0x00000000ead00000)
 ParOldGen       total 133632K, used 114448K [0x00000000c0000000, 0x00000000c8280000, 0x00000000eab00000)
  object space 133632K, 85% used [0x00000000c0000000,0x00000000c6fc4130,0x00000000c8280000)
 Metaspace       used 78697K, committed 79744K, reserved 1122304K
  class space    used 8081K, committed 8512K, reserved 1048576K
}
Event: 1962.634 GC heap before
{Heap before GC invocations=562 (full 10):
 PSYoungGen      total 1536K, used 1504K [0x00000000eab00000, 0x00000000eae00000, 0x0000000100000000)
  eden space 1024K, 100% used [0x00000000eab00000,0x00000000eac00000,0x00000000eac00000)
  from space 512K, 93% used [0x00000000ead80000,0x00000000eadf8000,0x00000000eae00000)
  to   space 1024K, 0% used [0x00000000eac00000,0x00000000eac00000,0x00000000ead00000)
 ParOldGen       total 133632K, used 114448K [0x00000000c0000000, 0x00000000c8280000, 0x00000000eab00000)
  object space 133632K, 85% used [0x00000000c0000000,0x00000000c6fc4130,0x00000000c8280000)
 Metaspace       used 78697K, committed 79744K, reserved 1122304K
  class space    used 8081K, committed 8512K, reserved 1048576K
}
Event: 1962.636 GC heap after
{Heap after GC invocations=562 (full 10):
 PSYoungGen      total 2048K, used 864K [0x00000000eab00000, 0x00000000eae80000, 0x0000000100000000)
  eden space 1024K, 0% used [0x00000000eab00000,0x00000000eab00000,0x00000000eac00000)
  from space 1024K, 84% used [0x00000000eac00000,0x00000000eacd8000,0x00000000ead00000)
  to   space 1024K, 0% used [0x00000000ead80000,0x00000000ead80000,0x00000000eae80000)
 ParOldGen       total 133632K, used 114856K [0x00000000c0000000, 0x00000000c8280000, 0x00000000eab00000)
  object space 133632K, 85% used [0x00000000c0000000,0x00000000c702a130,0x00000000c8280000)
 Metaspace       used 78697K, committed 79744K, reserved 1122304K
  class space    used 8081K, committed 8512K, reserved 1048576K
}
Event: 1962.637 GC heap before
{Heap before GC invocations=563 (full 10):
 PSYoungGen      total 2048K, used 1888K [0x00000000eab00000, 0x00000000eae80000, 0x0000000100000000)
  eden space 1024K, 100% used [0x00000000eab00000,0x00000000eac00000,0x00000000eac00000)
  from space 1024K, 84% used [0x00000000eac00000,0x00000000eacd8000,0x00000000ead00000)
  to   space 1024K, 0% used [0x00000000ead80000,0x00000000ead80000,0x00000000eae80000)
 ParOldGen       total 133632K, used 114856K [0x00000000c0000000, 0x00000000c8280000, 0x00000000eab00000)
  object space 133632K, 85% used [0x00000000c0000000,0x00000000c702a130,0x00000000c8280000)
 Metaspace       used 78697K, committed 79744K, reserved 1122304K
  class space    used 8081K, committed 8512K, reserved 1048576K
}
Event: 1962.638 GC heap after
{Heap after GC invocations=563 (full 10):
 PSYoungGen      total 2560K, used 640K [0x00000000eab00000, 0x00000000eae80000, 0x0000000100000000)
  eden space 1536K, 0% used [0x00000000eab00000,0x00000000eab00000,0x00000000eac80000)
  from space 1024K, 62% used [0x00000000ead80000,0x00000000eae20000,0x00000000eae80000)
  to   space 1024K, 0% used [0x00000000eac80000,0x00000000eac80000,0x00000000ead80000)
 ParOldGen       total 133632K, used 115648K [0x00000000c0000000, 0x00000000c8280000, 0x00000000eab00000)
  object space 133632K, 86% used [0x00000000c0000000,0x00000000c70f0130,0x00000000c8280000)
 Metaspace       used 78697K, committed 79744K, reserved 1122304K
  class space    used 8081K, committed 8512K, reserved 1048576K
}
Event: 1962.641 GC heap before
{Heap before GC invocations=564 (full 10):
 PSYoungGen      total 2560K, used 2176K [0x00000000eab00000, 0x00000000eae80000, 0x0000000100000000)
  eden space 1536K, 100% used [0x00000000eab00000,0x00000000eac80000,0x00000000eac80000)
  from space 1024K, 62% used [0x00000000ead80000,0x00000000eae20000,0x00000000eae80000)
  to   space 1024K, 0% used [0x00000000eac80000,0x00000000eac80000,0x00000000ead80000)
 ParOldGen       total 133632K, used 115648K [0x00000000c0000000, 0x00000000c8280000, 0x00000000eab00000)
  object space 133632K, 86% used [0x00000000c0000000,0x00000000c70f0130,0x00000000c8280000)
 Metaspace       used 78697K, committed 79744K, reserved 1122304K
  class space    used 8081K, committed 8512K, reserved 1048576K
}
Event: 1962.642 GC heap after
{Heap after GC invocations=564 (full 10):
 PSYoungGen      total 2560K, used 608K [0x00000000eab00000, 0x00000000eaf00000, 0x0000000100000000)
  eden space 1536K, 0% used [0x00000000eab00000,0x00000000eab00000,0x00000000eac80000)
  from space 1024K, 59% used [0x00000000eac80000,0x00000000ead18000,0x00000000ead80000)
  to   space 1024K, 0% used [0x00000000eae00000,0x00000000eae00000,0x00000000eaf00000)
 ParOldGen       total 133632K, used 116243K [0x00000000c0000000, 0x00000000c8280000, 0x00000000eab00000)
  object space 133632K, 86% used [0x00000000c0000000,0x00000000c7184ca0,0x00000000c8280000)
 Metaspace       used 78697K, committed 79744K, reserved 1122304K
  class space    used 8081K, committed 8512K, reserved 1048576K
}
Event: 1962.648 GC heap before
{Heap before GC invocations=565 (full 10):
 PSYoungGen      total 2560K, used 2144K [0x00000000eab00000, 0x00000000eaf00000, 0x0000000100000000)
  eden space 1536K, 100% used [0x00000000eab00000,0x00000000eac80000,0x00000000eac80000)
  from space 1024K, 59% used [0x00000000eac80000,0x00000000ead18000,0x00000000ead80000)
  to   space 1024K, 0% used [0x00000000eae00000,0x00000000eae00000,0x00000000eaf00000)
 ParOldGen       total 133632K, used 116243K [0x00000000c0000000, 0x00000000c8280000, 0x00000000eab00000)
  object space 133632K, 86% used [0x00000000c0000000,0x00000000c7184ca0,0x00000000c8280000)
 Metaspace       used 78697K, committed 79744K, reserved 1122304K
  class space    used 8081K, committed 8512K, reserved 1048576K
}
Event: 1962.649 GC heap after
{Heap after GC invocations=565 (full 10):
 PSYoungGen      total 3072K, used 688K [0x00000000eab00000, 0x00000000eaf00000, 0x0000000100000000)
  eden space 2048K, 0% used [0x00000000eab00000,0x00000000eab00000,0x00000000ead00000)
  from space 1024K, 67% used [0x00000000eae00000,0x00000000eaeac010,0x00000000eaf00000)
  to   space 1024K, 0% used [0x00000000ead00000,0x00000000ead00000,0x00000000eae00000)
 ParOldGen       total 133632K, used 116688K [0x00000000c0000000, 0x00000000c8280000, 0x00000000eab00000)
  object space 133632K, 87% used [0x00000000c0000000,0x00000000c71f42f0,0x00000000c8280000)
 Metaspace       used 78697K, committed 79744K, reserved 1122304K
  class space    used 8081K, committed 8512K, reserved 1048576K
}
Event: 1962.652 GC heap before
{Heap before GC invocations=566 (full 10):
 PSYoungGen      total 3072K, used 2736K [0x00000000eab00000, 0x00000000eaf00000, 0x0000000100000000)
  eden space 2048K, 100% used [0x00000000eab00000,0x00000000ead00000,0x00000000ead00000)
  from space 1024K, 67% used [0x00000000eae00000,0x00000000eaeac010,0x00000000eaf00000)
  to   space 1024K, 0% used [0x00000000ead00000,0x00000000ead00000,0x00000000eae00000)
 ParOldGen       total 133632K, used 116688K [0x00000000c0000000, 0x00000000c8280000, 0x00000000eab00000)
  object space 133632K, 87% used [0x00000000c0000000,0x00000000c71f42f0,0x00000000c8280000)
 Metaspace       used 78697K, committed 79744K, reserved 1122304K
  class space    used 8081K, committed 8512K, reserved 1048576K
}
Event: 1962.653 GC heap after
{Heap after GC invocations=566 (full 10):
 PSYoungGen      total 3072K, used 672K [0x00000000eab00000, 0x00000000eaf80000, 0x0000000100000000)
  eden space 2048K, 0% used [0x00000000eab00000,0x00000000eab00000,0x00000000ead00000)
  from space 1024K, 65% used [0x00000000ead00000,0x00000000eada8000,0x00000000eae00000)
  to   space 1024K, 0% used [0x00000000eae80000,0x00000000eae80000,0x00000000eaf80000)
 ParOldGen       total 133632K, used 117352K [0x00000000c0000000, 0x00000000c8280000, 0x00000000eab00000)
  object space 133632K, 87% used [0x00000000c0000000,0x00000000c729a310,0x00000000c8280000)
 Metaspace       used 78697K, committed 79744K, reserved 1122304K
  class space    used 8081K, committed 8512K, reserved 1048576K
}
Event: 1962.658 GC heap before
{Heap before GC invocations=567 (full 10):
 PSYoungGen      total 3072K, used 2293K [0x00000000eab00000, 0x00000000eaf80000, 0x0000000100000000)
  eden space 2048K, 79% used [0x00000000eab00000,0x00000000eac95528,0x00000000ead00000)
  from space 1024K, 65% used [0x00000000ead00000,0x00000000eada8000,0x00000000eae00000)
  to   space 1024K, 0% used [0x00000000eae80000,0x00000000eae80000,0x00000000eaf80000)
 ParOldGen       total 133632K, used 117352K [0x00000000c0000000, 0x00000000c8280000, 0x00000000eab00000)
  object space 133632K, 87% used [0x00000000c0000000,0x00000000c729a310,0x00000000c8280000)
 Metaspace       used 78697K, committed 79744K, reserved 1122304K
  class space    used 8081K, committed 8512K, reserved 1048576K
}
Event: 1962.659 GC heap after
{Heap after GC invocations=567 (full 10):
 PSYoungGen      total 3584K, used 448K [0x00000000eab00000, 0x00000000eaf80000, 0x0000000100000000)
  eden space 2560K, 0% used [0x00000000eab00000,0x00000000eab00000,0x00000000ead80000)
  from space 1024K, 43% used [0x00000000eae80000,0x00000000eaef0010,0x00000000eaf80000)
  to   space 1024K, 0% used [0x00000000ead80000,0x00000000ead80000,0x00000000eae80000)
 ParOldGen       total 133632K, used 117952K [0x00000000c0000000, 0x00000000c8280000, 0x00000000eab00000)
  object space 133632K, 88% used [0x00000000c0000000,0x00000000c7330310,0x00000000c8280000)
 Metaspace       used 78697K, committed 79744K, reserved 1122304K
  class space    used 8081K, committed 8512K, reserved 1048576K
}
Event: 1962.661 GC heap before
{Heap before GC invocations=568 (full 10):
 PSYoungGen      total 3584K, used 2658K [0x00000000eab00000, 0x00000000eaf80000, 0x0000000100000000)
  eden space 2560K, 86% used [0x00000000eab00000,0x00000000ead289e8,0x00000000ead80000)
  from space 1024K, 43% used [0x00000000eae80000,0x00000000eaef0010,0x00000000eaf80000)
  to   space 1024K, 0% used [0x00000000ead80000,0x00000000ead80000,0x00000000eae80000)
 ParOldGen       total 133632K, used 117952K [0x00000000c0000000, 0x00000000c8280000, 0x00000000eab00000)
  object space 133632K, 88% used [0x00000000c0000000,0x00000000c7330310,0x00000000c8280000)
 Metaspace       used 78697K, committed 79744K, reserved 1122304K
  class space    used 8081K, committed 8512K, reserved 1048576K
}
Event: 1962.662 GC heap after
{Heap after GC invocations=568 (full 10):
 PSYoungGen      total 3584K, used 923K [0x00000000eab00000, 0x00000000eb000000, 0x0000000100000000)
  eden space 2560K, 0% used [0x00000000eab00000,0x00000000eab00000,0x00000000ead80000)
  from space 1024K, 90% used [0x00000000ead80000,0x00000000eae66c08,0x00000000eae80000)
  to   space 1024K, 0% used [0x00000000eaf00000,0x00000000eaf00000,0x00000000eb000000)
 ParOldGen       total 133632K, used 118088K [0x00000000c0000000, 0x00000000c8280000, 0x00000000eab00000)
  object space 133632K, 88% used [0x00000000c0000000,0x00000000c7352310,0x00000000c8280000)
 Metaspace       used 78697K, committed 79744K, reserved 1122304K
  class space    used 8081K, committed 8512K, reserved 1048576K
}
Event: 1962.820 GC heap before
{Heap before GC invocations=569 (full 10):
 PSYoungGen      total 3584K, used 3483K [0x00000000eab00000, 0x00000000eb000000, 0x0000000100000000)
  eden space 2560K, 100% used [0x00000000eab00000,0x00000000ead80000,0x00000000ead80000)
  from space 1024K, 90% used [0x00000000ead80000,0x00000000eae66c08,0x00000000eae80000)
  to   space 1024K, 0% used [0x00000000eaf00000,0x00000000eaf00000,0x00000000eb000000)
 ParOldGen       total 133632K, used 118088K [0x00000000c0000000, 0x00000000c8280000, 0x00000000eab00000)
  object space 133632K, 88% used [0x00000000c0000000,0x00000000c7352310,0x00000000c8280000)
 Metaspace       used 78698K, committed 79744K, reserved 1122304K
  class space    used 8081K, committed 8512K, reserved 1048576K
}
Event: 1962.821 GC heap after
{Heap after GC invocations=569 (full 10):
 PSYoungGen      total 3584K, used 96K [0x00000000eab00000, 0x00000000eaf80000, 0x0000000100000000)
  eden space 3072K, 0% used [0x00000000eab00000,0x00000000eab00000,0x00000000eae00000)
  from space 512K, 18% used [0x00000000eaf00000,0x00000000eaf18000,0x00000000eaf80000)
  to   space 512K, 0% used [0x00000000eae80000,0x00000000eae80000,0x00000000eaf00000)
 ParOldGen       total 133632K, used 118112K [0x00000000c0000000, 0x00000000c8280000, 0x00000000eab00000)
  object space 133632K, 88% used [0x00000000c0000000,0x00000000c7358310,0x00000000c8280000)
 Metaspace       used 78698K, committed 79744K, reserved 1122304K
  class space    used 8081K, committed 8512K, reserved 1048576K
}

