# JRE version: OpenJDK Runtime Environment Temurin-17.0.6+10 (17.0.6+10) (build 17.0.6+10)
# Java VM: OpenJDK 64-Bit Server VM Temurin-17.0.6+10 (17.0.6+10, mixed mode, tiered, compressed oops, compressed class ptrs, parallel gc, windows-amd64)
GC Precious Log:
 CPUs: 4 total, 4 available
 Memory: 16336M
 Large Page Support: Disabled
 NUMA Support: Disabled
 Compressed Oops: Enabled (32-bit)
 Alignments: Space 512K, Generation 512K, Heap 2M
 Heap Min Capacity: 100M
 Heap Initial Capacity: 100M
 Heap Max Capacity: 1G
 Pre-touch: Disabled
 Parallel Workers: 4
Heap:
 PSYoungGen      total 5120K, used 4736K [0x00000000eab00000, 0x00000000eb100000, 0x0000000100000000)
  eden space 4096K, 100% used [0x00000000eab00000,0x00000000eaf00000,0x00000000eaf00000)
  from space 1024K, 62% used [0x00000000eb000000,0x00000000eb0a0020,0x00000000eb100000)
  to   space 1024K, 97% used [0x00000000eaf00000,0x00000000eaff9d20,0x00000000eb000000)
 ParOldGen       total 69120K, used 42917K [0x00000000c0000000, 0x00000000c4380000, 0x00000000eab00000)
  object space 69120K, 62% used [0x00000000c0000000,0x00000000c29e9468,0x00000000c4380000)
 Metaspace       used 73675K, committed 74688K, reserved 1122304K
  class space    used 7427K, committed 7872K, reserved 1048576K
GC Heap History (20 events):
Event: 263.406 GC heap after
{Heap after GC invocations=674 (full 23):
 PSYoungGen      total 4096K, used 720K [0x00000000eab00000, 0x00000000eb080000, 0x0000000100000000)
  eden space 3072K, 0% used [0x00000000eab00000,0x00000000eab00000,0x00000000eae00000)
  from space 1024K, 70% used [0x00000000eae80000,0x00000000eaf34010,0x00000000eaf80000)
  to   space 1024K, 0% used [0x00000000eaf80000,0x00000000eaf80000,0x00000000eb080000)
 ParOldGen       total 72704K, used 62585K [0x00000000c0000000, 0x00000000c4700000, 0x00000000eab00000)
  object space 72704K, 86% used [0x00000000c0000000,0x00000000c3d1e6a0,0x00000000c4700000)
 Metaspace       used 73670K, committed 74688K, reserved 1122304K
  class space    used 7427K, committed 7872K, reserved 1048576K
}
Event: 263.873 GC heap before
{Heap before GC invocations=675 (full 23):
 PSYoungGen      total 4096K, used 3792K [0x00000000eab00000, 0x00000000eb080000, 0x0000000100000000)
  eden space 3072K, 100% used [0x00000000eab00000,0x00000000eae00000,0x00000000eae00000)
  from space 1024K, 70% used [0x00000000eae80000,0x00000000eaf34010,0x00000000eaf80000)
  to   space 1024K, 0% used [0x00000000eaf80000,0x00000000eaf80000,0x00000000eb080000)
 ParOldGen       total 72704K, used 62585K [0x00000000c0000000, 0x00000000c4700000, 0x00000000eab00000)
  object space 72704K, 86% used [0x00000000c0000000,0x00000000c3d1e6a0,0x00000000c4700000)
 Metaspace       used 73672K, committed 74688K, reserved 1122304K
  class space    used 7427K, committed 7872K, reserved 1048576K
}
Event: 263.875 GC heap after
{Heap after GC invocations=675 (full 23):
 PSYoungGen      total 3072K, used 1015K [0x00000000eab00000, 0x00000000eb300000, 0x0000000100000000)
  eden space 2048K, 0% used [0x00000000eab00000,0x00000000eab00000,0x00000000ead00000)
  from space 1024K, 99% used [0x00000000eaf80000,0x00000000eb07dd10,0x00000000eb080000)
  to   space 2560K, 0% used [0x00000000ead00000,0x00000000ead00000,0x00000000eaf80000)
 ParOldGen       total 72704K, used 63803K [0x00000000c0000000, 0x00000000c4700000, 0x00000000eab00000)
  object space 72704K, 87% used [0x00000000c0000000,0x00000000c3e4efe0,0x00000000c4700000)
 Metaspace       used 73672K, committed 74688K, reserved 1122304K
  class space    used 7427K, committed 7872K, reserved 1048576K
}
Event: 263.878 GC heap before
{Heap before GC invocations=676 (full 23):
 PSYoungGen      total 3072K, used 3063K [0x00000000eab00000, 0x00000000eb300000, 0x0000000100000000)
  eden space 2048K, 100% used [0x00000000eab00000,0x00000000ead00000,0x00000000ead00000)
  from space 1024K, 99% used [0x00000000eaf80000,0x00000000eb07dd10,0x00000000eb080000)
  to   space 2560K, 0% used [0x00000000ead00000,0x00000000ead00000,0x00000000eaf80000)
 ParOldGen       total 72704K, used 63803K [0x00000000c0000000, 0x00000000c4700000, 0x00000000eab00000)
  object space 72704K, 87% used [0x00000000c0000000,0x00000000c3e4efe0,0x00000000c4700000)
 Metaspace       used 73672K, committed 74688K, reserved 1122304K
  class space    used 7427K, committed 7872K, reserved 1048576K
}
Event: 263.880 GC heap after
{Heap after GC invocations=676 (full 23):
 PSYoungGen      total 4608K, used 2069K [0x00000000eab00000, 0x00000000eb200000, 0x0000000100000000)
  eden space 2048K, 0% used [0x00000000eab00000,0x00000000eab00000,0x00000000ead00000)
  from space 2560K, 80% used [0x00000000ead00000,0x00000000eaf056f0,0x00000000eaf80000)
  to   space 2560K, 0% used [0x00000000eaf80000,0x00000000eaf80000,0x00000000eb200000)
 ParOldGen       total 72704K, used 64832K [0x00000000c0000000, 0x00000000c4700000, 0x00000000eab00000)
  object space 72704K, 89% used [0x00000000c0000000,0x00000000c3f50170,0x00000000c4700000)
 Metaspace       used 73672K, committed 74688K, reserved 1122304K
  class space    used 7427K, committed 7872K, reserved 1048576K
}
Event: 263.884 GC heap before
{Heap before GC invocations=677 (full 23):
 PSYoungGen      total 4608K, used 4117K [0x00000000eab00000, 0x00000000eb200000, 0x0000000100000000)
  eden space 2048K, 100% used [0x00000000eab00000,0x00000000ead00000,0x00000000ead00000)
  from space 2560K, 80% used [0x00000000ead00000,0x00000000eaf056f0,0x00000000eaf80000)
  to   space 2560K, 0% used [0x00000000eaf80000,0x00000000eaf80000,0x00000000eb200000)
 ParOldGen       total 72704K, used 64832K [0x00000000c0000000, 0x00000000c4700000, 0x00000000eab00000)
  object space 72704K, 89% used [0x00000000c0000000,0x00000000c3f50170,0x00000000c4700000)
 Metaspace       used 73672K, committed 74688K, reserved 1122304K
  class space    used 7427K, committed 7872K, reserved 1048576K
}
Event: 263.885 GC heap after
{Heap after GC invocations=677 (full 23):
 PSYoungGen      total 4608K, used 2080K [0x00000000eab00000, 0x00000000eb280000, 0x0000000100000000)
  eden space 2048K, 0% used [0x00000000eab00000,0x00000000eab00000,0x00000000ead00000)
  from space 2560K, 81% used [0x00000000eaf80000,0x00000000eb188000,0x00000000eb200000)
  to   space 2560K, 0% used [0x00000000ead00000,0x00000000ead00000,0x00000000eaf80000)
 ParOldGen       total 72704K, used 66870K [0x00000000c0000000, 0x00000000c4700000, 0x00000000eab00000)
  object space 72704K, 91% used [0x00000000c0000000,0x00000000c414d860,0x00000000c4700000)
 Metaspace       used 73672K, committed 74688K, reserved 1122304K
  class space    used 7427K, committed 7872K, reserved 1048576K
}
Event: 263.889 GC heap before
{Heap before GC invocations=678 (full 23):
 PSYoungGen      total 4608K, used 4128K [0x00000000eab00000, 0x00000000eb280000, 0x0000000100000000)
  eden space 2048K, 100% used [0x00000000eab00000,0x00000000ead00000,0x00000000ead00000)
  from space 2560K, 81% used [0x00000000eaf80000,0x00000000eb188000,0x00000000eb200000)
  to   space 2560K, 0% used [0x00000000ead00000,0x00000000ead00000,0x00000000eaf80000)
 ParOldGen       total 72704K, used 66870K [0x00000000c0000000, 0x00000000c4700000, 0x00000000eab00000)
  object space 72704K, 91% used [0x00000000c0000000,0x00000000c414d860,0x00000000c4700000)
 Metaspace       used 73672K, committed 74688K, reserved 1122304K
  class space    used 7427K, committed 7872K, reserved 1048576K
}
Event: 263.892 GC heap after
{Heap after GC invocations=678 (full 23):
 PSYoungGen      total 4608K, used 2080K [0x00000000eab00000, 0x00000000eb280000, 0x0000000100000000)
  eden space 2048K, 0% used [0x00000000eab00000,0x00000000eab00000,0x00000000ead00000)
  from space 2560K, 81% used [0x00000000ead00000,0x00000000eaf08000,0x00000000eaf80000)
  to   space 2560K, 0% used [0x00000000eb000000,0x00000000eb000000,0x00000000eb280000)
 ParOldGen       total 72704K, used 68918K [0x00000000c0000000, 0x00000000c4700000, 0x00000000eab00000)
  object space 72704K, 94% used [0x00000000c0000000,0x00000000c434d860,0x00000000c4700000)
 Metaspace       used 73672K, committed 74688K, reserved 1122304K
  class space    used 7427K, committed 7872K, reserved 1048576K
}
Event: 263.897 GC heap before
{Heap before GC invocations=679 (full 23):
 PSYoungGen      total 4608K, used 4128K [0x00000000eab00000, 0x00000000eb280000, 0x0000000100000000)
  eden space 2048K, 100% used [0x00000000eab00000,0x00000000ead00000,0x00000000ead00000)
  from space 2560K, 81% used [0x00000000ead00000,0x00000000eaf08000,0x00000000eaf80000)
  to   space 2560K, 0% used [0x00000000eb000000,0x00000000eb000000,0x00000000eb280000)
 ParOldGen       total 72704K, used 68918K [0x00000000c0000000, 0x00000000c4700000, 0x00000000eab00000)
  object space 72704K, 94% used [0x00000000c0000000,0x00000000c434d860,0x00000000c4700000)
 Metaspace       used 73672K, committed 74688K, reserved 1122304K
  class space    used 7427K, committed 7872K, reserved 1048576K
}
Event: 263.899 GC heap after
{Heap after GC invocations=679 (full 23):
 PSYoungGen      total 4608K, used 1696K [0x00000000eab00000, 0x00000000eb200000, 0x0000000100000000)
  eden space 2560K, 0% used [0x00000000eab00000,0x00000000eab00000,0x00000000ead80000)
  from space 2048K, 82% used [0x00000000eb000000,0x00000000eb1a8000,0x00000000eb200000)
  to   space 2048K, 0% used [0x00000000eae00000,0x00000000eae00000,0x00000000eb000000)
 ParOldGen       total 72704K, used 70966K [0x00000000c0000000, 0x00000000c4700000, 0x00000000eab00000)
  object space 72704K, 97% used [0x00000000c0000000,0x00000000c454d860,0x00000000c4700000)
 Metaspace       used 73672K, committed 74688K, reserved 1122304K
  class space    used 7427K, committed 7872K, reserved 1048576K
}
Event: 263.899 GC heap before
{Heap before GC invocations=680 (full 24):
 PSYoungGen      total 4608K, used 1696K [0x00000000eab00000, 0x00000000eb200000, 0x0000000100000000)
  eden space 2560K, 0% used [0x00000000eab00000,0x00000000eab00000,0x00000000ead80000)
  from space 2048K, 82% used [0x00000000eb000000,0x00000000eb1a8000,0x00000000eb200000)
  to   space 2048K, 0% used [0x00000000eae00000,0x00000000eae00000,0x00000000eb000000)
 ParOldGen       total 72704K, used 70966K [0x00000000c0000000, 0x00000000c4700000, 0x00000000eab00000)
  object space 72704K, 97% used [0x00000000c0000000,0x00000000c454d860,0x00000000c4700000)
 Metaspace       used 73672K, committed 74688K, reserved 1122304K
  class space    used 7427K, committed 7872K, reserved 1048576K
}
Event: 263.964 GC heap after
{Heap after GC invocations=680 (full 24):
 PSYoungGen      total 5120K, used 0K [0x00000000eab00000, 0x00000000eb200000, 0x0000000100000000)
  eden space 3072K, 0% used [0x00000000eab00000,0x00000000eab00000,0x00000000eae00000)
  from space 2048K, 0% used [0x00000000eae00000,0x00000000eae00000,0x00000000eb000000)
  to   space 2048K, 0% used [0x00000000eb000000,0x00000000eb000000,0x00000000eb200000)
 ParOldGen       total 69120K, used 41469K [0x00000000c0000000, 0x00000000c4380000, 0x00000000eab00000)
  object space 69120K, 59% used [0x00000000c0000000,0x00000000c287f688,0x00000000c4380000)
 Metaspace       used 73672K, committed 74688K, reserved 1122304K
  class space    used 7427K, committed 7872K, reserved 1048576K
}
Event: 263.973 GC heap before
{Heap before GC invocations=681 (full 24):
 PSYoungGen      total 5120K, used 3072K [0x00000000eab00000, 0x00000000eb200000, 0x0000000100000000)
  eden space 3072K, 100% used [0x00000000eab00000,0x00000000eae00000,0x00000000eae00000)
  from space 2048K, 0% used [0x00000000eae00000,0x00000000eae00000,0x00000000eb000000)
  to   space 2048K, 0% used [0x00000000eb000000,0x00000000eb000000,0x00000000eb200000)
 ParOldGen       total 69120K, used 41469K [0x00000000c0000000, 0x00000000c4380000, 0x00000000eab00000)
  object space 69120K, 59% used [0x00000000c0000000,0x00000000c287f688,0x00000000c4380000)
 Metaspace       used 73673K, committed 74688K, reserved 1122304K
  class space    used 7427K, committed 7872K, reserved 1048576K
}
Event: 263.973 GC heap after
{Heap after GC invocations=681 (full 24):
 PSYoungGen      total 5120K, used 416K [0x00000000eab00000, 0x00000000eb100000, 0x0000000100000000)
  eden space 4096K, 0% used [0x00000000eab00000,0x00000000eab00000,0x00000000eaf00000)
  from space 1024K, 40% used [0x00000000eb000000,0x00000000eb068000,0x00000000eb100000)
  to   space 1024K, 0% used [0x00000000eaf00000,0x00000000eaf00000,0x00000000eb000000)
 ParOldGen       total 69120K, used 41469K [0x00000000c0000000, 0x00000000c4380000, 0x00000000eab00000)
  object space 69120K, 59% used [0x00000000c0000000,0x00000000c287f688,0x00000000c4380000)
 Metaspace       used 73673K, committed 74688K, reserved 1122304K
  class space    used 7427K, committed 7872K, reserved 1048576K
}
Event: 263.982 GC heap before
{Heap before GC invocations=682 (full 24):
 PSYoungGen      total 5120K, used 4512K [0x00000000eab00000, 0x00000000eb100000, 0x0000000100000000)
  eden space 4096K, 100% used [0x00000000eab00000,0x00000000eaf00000,0x00000000eaf00000)
  from space 1024K, 40% used [0x00000000eb000000,0x00000000eb068000,0x00000000eb100000)
  to   space 1024K, 0% used [0x00000000eaf00000,0x00000000eaf00000,0x00000000eb000000)
 ParOldGen       total 69120K, used 41469K [0x00000000c0000000, 0x00000000c4380000, 0x00000000eab00000)
  object space 69120K, 59% used [0x00000000c0000000,0x00000000c287f688,0x00000000c4380000)
 Metaspace       used 73673K, committed 74688K, reserved 1122304K
  class space    used 7427K, committed 7872K, reserved 1048576K
}
Event: 263.982 GC heap after
{Heap after GC invocations=682 (full 24):
 PSYoungGen      total 5120K, used 544K [0x00000000eab00000, 0x00000000eb100000, 0x0000000100000000)
  eden space 4096K, 0% used [0x00000000eab00000,0x00000000eab00000,0x00000000eaf00000)
  from space 1024K, 53% used [0x00000000eaf00000,0x00000000eaf88000,0x00000000eb000000)
  to   space 1024K, 0% used [0x00000000eb000000,0x00000000eb000000,0x00000000eb100000)
 ParOldGen       total 69120K, used 41794K [0x00000000c0000000, 0x00000000c4380000, 0x00000000eab00000)
  object space 69120K, 60% used [0x00000000c0000000,0x00000000c28d0b28,0x00000000c4380000)
 Metaspace       used 73673K, committed 74688K, reserved 1122304K
  class space    used 7427K, committed 7872K, reserved 1048576K
}
Event: 264.924 GC heap before
{Heap before GC invocations=683 (full 24):
 PSYoungGen      total 5120K, used 4640K [0x00000000eab00000, 0x00000000eb100000, 0x0000000100000000)
  eden space 4096K, 100% used [0x00000000eab00000,0x00000000eaf00000,0x00000000eaf00000)
  from space 1024K, 53% used [0x00000000eaf00000,0x00000000eaf88000,0x00000000eb000000)
  to   space 1024K, 0% used [0x00000000eb000000,0x00000000eb000000,0x00000000eb100000)
 ParOldGen       total 69120K, used 41794K [0x00000000c0000000, 0x00000000c4380000, 0x00000000eab00000)
  object space 69120K, 60% used [0x00000000c0000000,0x00000000c28d0b28,0x00000000c4380000)
 Metaspace       used 73673K, committed 74688K, reserved 1122304K
  class space    used 7427K, committed 7872K, reserved 1048576K
}
Event: 264.925 GC heap after
{Heap after GC invocations=683 (full 24):
 PSYoungGen      total 5120K, used 640K [0x00000000eab00000, 0x00000000eb100000, 0x0000000100000000)
  eden space 4096K, 0% used [0x00000000eab00000,0x00000000eab00000,0x00000000eaf00000)
  from space 1024K, 62% used [0x00000000eb000000,0x00000000eb0a0020,0x00000000eb100000)
  to   space 1024K, 0% used [0x00000000eaf00000,0x00000000eaf00000,0x00000000eb000000)
 ParOldGen       total 69120K, used 42271K [0x00000000c0000000, 0x00000000c4380000, 0x00000000eab00000)
  object space 69120K, 61% used [0x00000000c0000000,0x00000000c2947fc8,0x00000000c4380000)
 Metaspace       used 73673K, committed 74688K, reserved 1122304K
  class space    used 7427K, committed 7872K, reserved 1048576K
}
Event: 265.180 GC heap before
{Heap before GC invocations=684 (full 24):
 PSYoungGen      total 5120K, used 4736K [0x00000000eab00000, 0x00000000eb100000, 0x0000000100000000)
  eden space 4096K, 100% used [0x00000000eab00000,0x00000000eaf00000,0x00000000eaf00000)
  from space 1024K, 62% used [0x00000000eb000000,0x00000000eb0a0020,0x00000000eb100000)
  to   space 1024K, 0% used [0x00000000eaf00000,0x00000000eaf00000,0x00000000eb000000)
 ParOldGen       total 69120K, used 42271K [0x00000000c0000000, 0x00000000c4380000, 0x00000000eab00000)
  object space 69120K, 61% used [0x00000000c0000000,0x00000000c2947fc8,0x00000000c4380000)
 Metaspace       used 73675K, committed 74688K, reserved 1122304K
  class space    used 7427K, committed 7872K, reserved 1048576K
}

